cabal: Entering directory '/var/folders/d1/1c20kwb529vgk2qx2lqp2w780000gp/T/cabal-tmp-17262/gloss-rendering-1.13.0.2'
Configuring gloss-rendering-1.13.0.2...
Building gloss-rendering-1.13.0.2...
Preprocessing library gloss-rendering-1.13.0.2...
[1 of 9] Compiling Graphics.Gloss.Internals.Rendering.Bitmap ( Graphics/Gloss/Internals/Rendering/Bitmap.hs, dist/dist-sandbox-4c142bec/build/Graphics/Gloss/Internals/Rendering/Bitmap.o )
[2 of 9] Compiling Graphics.Gloss.Internals.Data.Color ( Graphics/Gloss/Internals/Data/Color.hs, dist/dist-sandbox-4c142bec/build/Graphics/Gloss/Internals/Data/Color.o )
[3 of 9] Compiling Graphics.Gloss.Internals.Data.Picture ( Graphics/Gloss/Internals/Data/Picture.hs, dist/dist-sandbox-4c142bec/build/Graphics/Gloss/Internals/Data/Picture.o )
[4 of 9] Compiling Graphics.Gloss.Internals.Rendering.State ( Graphics/Gloss/Internals/Rendering/State.hs, dist/dist-sandbox-4c142bec/build/Graphics/Gloss/Internals/Rendering/State.o )
[5 of 9] Compiling Graphics.Gloss.Internals.Rendering.Color ( Graphics/Gloss/Internals/Rendering/Color.hs, dist/dist-sandbox-4c142bec/build/Graphics/Gloss/Internals/Rendering/Color.o )
[6 of 9] Compiling Graphics.Gloss.Internals.Rendering.Common ( Graphics/Gloss/Internals/Rendering/Common.hs, dist/dist-sandbox-4c142bec/build/Graphics/Gloss/Internals/Rendering/Common.o )
[7 of 9] Compiling Graphics.Gloss.Internals.Rendering.Circle ( Graphics/Gloss/Internals/Rendering/Circle.hs, dist/dist-sandbox-4c142bec/build/Graphics/Gloss/Internals/Rendering/Circle.o )
[8 of 9] Compiling Graphics.Gloss.Internals.Rendering.Picture ( Graphics/Gloss/Internals/Rendering/Picture.hs, dist/dist-sandbox-4c142bec/build/Graphics/Gloss/Internals/Rendering/Picture.o )
[9 of 9] Compiling Graphics.Gloss.Rendering ( Graphics/Gloss/Rendering.hs, dist/dist-sandbox-4c142bec/build/Graphics/Gloss/Rendering.o )
[1 of 9] Compiling Graphics.Gloss.Internals.Rendering.Bitmap ( Graphics/Gloss/Internals/Rendering/Bitmap.hs, dist/dist-sandbox-4c142bec/build/Graphics/Gloss/Internals/Rendering/Bitmap.p_o )

In file included from /var/folders/d1/1c20kwb529vgk2qx2lqp2w780000gp/T/ghc28533_0/ghc_5.c:2:0: error:
    

In file included from /Library/Frameworks/GHC.framework/Versions/8.0.2-x86_64/usr/lib/ghc-8.0.2/include/Rts.h:217:0: error:
    

/Library/Frameworks/GHC.framework/Versions/8.0.2-x86_64/usr/lib/ghc-8.0.2/include/rts/storage/ClosureMacros.h:505:5: error:
     warning: macro expansion producing 'defined' has undefined behavior [-Wexpansion-to-defined]
#if ZERO_SLOP_FOR_LDV_PROF || ZERO_SLOP_FOR_SANITY_CHECK
    ^

/Library/Frameworks/GHC.framework/Versions/8.0.2-x86_64/usr/lib/ghc-8.0.2/include/rts/storage/ClosureMacros.h:502:37: error:
     note: expanded from macro 'ZERO_SLOP_FOR_LDV_PROF'
#define ZERO_SLOP_FOR_LDV_PROF     (defined(PROFILING))
                                    ^

/Library/Frameworks/GHC.framework/Versions/8.0.2-x86_64/usr/lib/ghc-8.0.2/include/rts/storage/ClosureMacros.h:505:31: error:
     warning: macro expansion producing 'defined' has undefined behavior [-Wexpansion-to-defined]
#if ZERO_SLOP_FOR_LDV_PROF || ZERO_SLOP_FOR_SANITY_CHECK
                              ^

/Library/Frameworks/GHC.framework/Versions/8.0.2-x86_64/usr/lib/ghc-8.0.2/include/rts/storage/ClosureMacros.h:503:37: error:
     note: expanded from macro 'ZERO_SLOP_FOR_SANITY_CHECK'
#define ZERO_SLOP_FOR_SANITY_CHECK (defined(DEBUG) && !defined(THREADED_RTS))
                                    ^

/Library/Frameworks/GHC.framework/Versions/8.0.2-x86_64/usr/lib/ghc-8.0.2/include/rts/storage/ClosureMacros.h:505:31: error:
     warning: macro expansion producing 'defined' has undefined behavior [-Wexpansion-to-defined]

/Library/Frameworks/GHC.framework/Versions/8.0.2-x86_64/usr/lib/ghc-8.0.2/include/rts/storage/ClosureMacros.h:503:56: error:
     note: expanded from macro 'ZERO_SLOP_FOR_SANITY_CHECK'
#define ZERO_SLOP_FOR_SANITY_CHECK (defined(DEBUG) && !defined(THREADED_RTS))
                                                       ^

/Library/Frameworks/GHC.framework/Versions/8.0.2-x86_64/usr/lib/ghc-8.0.2/include/rts/storage/ClosureMacros.h:523:5: error:
     warning: macro expansion producing 'defined' has undefined behavior [-Wexpansion-to-defined]
#if ZERO_SLOP_FOR_LDV_PROF && !ZERO_SLOP_FOR_SANITY_CHECK
    ^

/Library/Frameworks/GHC.framework/Versions/8.0.2-x86_64/usr/lib/ghc-8.0.2/include/rts/storage/ClosureMacros.h:502:37: error:
     note: expanded from macro 'ZERO_SLOP_FOR_LDV_PROF'
#define ZERO_SLOP_FOR_LDV_PROF     (defined(PROFILING))
                                    ^

/Library/Frameworks/GHC.framework/Versions/8.0.2-x86_64/usr/lib/ghc-8.0.2/include/rts/storage/ClosureMacros.h:523:32: error:
     warning: macro expansion producing 'defined' has undefined behavior [-Wexpansion-to-defined]
#if ZERO_SLOP_FOR_LDV_PROF && !ZERO_SLOP_FOR_SANITY_CHECK
                               ^

/Library/Frameworks/GHC.framework/Versions/8.0.2-x86_64/usr/lib/ghc-8.0.2/include/rts/storage/ClosureMacros.h:503:37: error:
     note: expanded from macro 'ZERO_SLOP_FOR_SANITY_CHECK'
#define ZERO_SLOP_FOR_SANITY_CHECK (defined(DEBUG) && !defined(THREADED_RTS))
                                    ^

/Library/Frameworks/GHC.framework/Versions/8.0.2-x86_64/usr/lib/ghc-8.0.2/include/rts/storage/ClosureMacros.h:523:32: error:
     warning: macro expansion producing 'defined' has undefined behavior [-Wexpansion-to-defined]

/Library/Frameworks/GHC.framework/Versions/8.0.2-x86_64/usr/lib/ghc-8.0.2/include/rts/storage/ClosureMacros.h:503:56: error:
     note: expanded from macro 'ZERO_SLOP_FOR_SANITY_CHECK'
#define ZERO_SLOP_FOR_SANITY_CHECK (defined(DEBUG) && !defined(THREADED_RTS))
                                                       ^

/Library/Frameworks/GHC.framework/Versions/8.0.2-x86_64/usr/lib/ghc-8.0.2/include/rts/storage/ClosureMacros.h:552:5: error:
     warning: macro expansion producing 'defined' has undefined behavior [-Wexpansion-to-defined]
#if ZERO_SLOP_FOR_LDV_PROF && !ZERO_SLOP_FOR_SANITY_CHECK
    ^

/Library/Frameworks/GHC.framework/Versions/8.0.2-x86_64/usr/lib/ghc-8.0.2/include/rts/storage/ClosureMacros.h:502:37: error:
     note: expanded from macro 'ZERO_SLOP_FOR_LDV_PROF'
#define ZERO_SLOP_FOR_LDV_PROF     (defined(PROFILING))
                                    ^

/Library/Frameworks/GHC.framework/Versions/8.0.2-x86_64/usr/lib/ghc-8.0.2/include/rts/storage/ClosureMacros.h:552:32: error:
     warning: macro expansion producing 'defined' has undefined behavior [-Wexpansion-to-defined]
#if ZERO_SLOP_FOR_LDV_PROF && !ZERO_SLOP_FOR_SANITY_CHECK
                               ^

/Library/Frameworks/GHC.framework/Versions/8.0.2-x86_64/usr/lib/ghc-8.0.2/include/rts/storage/ClosureMacros.h:503:37: error:
     note: expanded from macro 'ZERO_SLOP_FOR_SANITY_CHECK'
#define ZERO_SLOP_FOR_SANITY_CHECK (defined(DEBUG) && !defined(THREADED_RTS))
                                    ^

/Library/Frameworks/GHC.framework/Versions/8.0.2-x86_64/usr/lib/ghc-8.0.2/include/rts/storage/ClosureMacros.h:552:32: error:
     warning: macro expansion producing 'defined' has undefined behavior [-Wexpansion-to-defined]

/Library/Frameworks/GHC.framework/Versions/8.0.2-x86_64/usr/lib/ghc-8.0.2/include/rts/storage/ClosureMacros.h:503:56: error:
     note: expanded from macro 'ZERO_SLOP_FOR_SANITY_CHECK'
#define ZERO_SLOP_FOR_SANITY_CHECK (defined(DEBUG) && !defined(THREADED_RTS))
                                                       ^
9 warnings generated.
[2 of 9] Compiling Graphics.Gloss.Internals.Data.Color ( Graphics/Gloss/Internals/Data/Color.hs, dist/dist-sandbox-4c142bec/build/Graphics/Gloss/Internals/Data/Color.p_o )

In file included from /var/folders/d1/1c20kwb529vgk2qx2lqp2w780000gp/T/ghc28533_0/ghc_14.c:2:0: error:
    

In file included from /Library/Frameworks/GHC.framework/Versions/8.0.2-x86_64/usr/lib/ghc-8.0.2/include/Rts.h:217:0: error:
    

/Library/Frameworks/GHC.framework/Versions/8.0.2-x86_64/usr/lib/ghc-8.0.2/include/rts/storage/ClosureMacros.h:505:5: error:
     warning: macro expansion producing 'defined' has undefined behavior [-Wexpansion-to-defined]
#if ZERO_SLOP_FOR_LDV_PROF || ZERO_SLOP_FOR_SANITY_CHECK
    ^

/Library/Frameworks/GHC.framework/Versions/8.0.2-x86_64/usr/lib/ghc-8.0.2/include/rts/storage/ClosureMacros.h:502:37: error:
     note: expanded from macro 'ZERO_SLOP_FOR_LDV_PROF'
#define ZERO_SLOP_FOR_LDV_PROF     (defined(PROFILING))
                                    ^

/Library/Frameworks/GHC.framework/Versions/8.0.2-x86_64/usr/lib/ghc-8.0.2/include/rts/storage/ClosureMacros.h:505:31: error:
     warning: macro expansion producing 'defined' has undefined behavior [-Wexpansion-to-defined]
#if ZERO_SLOP_FOR_LDV_PROF || ZERO_SLOP_FOR_SANITY_CHECK
                              ^

/Library/Frameworks/GHC.framework/Versions/8.0.2-x86_64/usr/lib/ghc-8.0.2/include/rts/storage/ClosureMacros.h:503:37: error:
     note: expanded from macro 'ZERO_SLOP_FOR_SANITY_CHECK'
#define ZERO_SLOP_FOR_SANITY_CHECK (defined(DEBUG) && !defined(THREADED_RTS))
                                    ^

/Library/Frameworks/GHC.framework/Versions/8.0.2-x86_64/usr/lib/ghc-8.0.2/include/rts/storage/ClosureMacros.h:505:31: error:
     warning: macro expansion producing 'defined' has undefined behavior [-Wexpansion-to-defined]

/Library/Frameworks/GHC.framework/Versions/8.0.2-x86_64/usr/lib/ghc-8.0.2/include/rts/storage/ClosureMacros.h:503:56: error:
     note: expanded from macro 'ZERO_SLOP_FOR_SANITY_CHECK'
#define ZERO_SLOP_FOR_SANITY_CHECK (defined(DEBUG) && !defined(THREADED_RTS))
                                                       ^

/Library/Frameworks/GHC.framework/Versions/8.0.2-x86_64/usr/lib/ghc-8.0.2/include/rts/storage/ClosureMacros.h:523:5: error:
     warning: macro expansion producing 'defined' has undefined behavior [-Wexpansion-to-defined]
#if ZERO_SLOP_FOR_LDV_PROF && !ZERO_SLOP_FOR_SANITY_CHECK
    ^

/Library/Frameworks/GHC.framework/Versions/8.0.2-x86_64/usr/lib/ghc-8.0.2/include/rts/storage/ClosureMacros.h:502:37: error:
     note: expanded from macro 'ZERO_SLOP_FOR_LDV_PROF'
#define ZERO_SLOP_FOR_LDV_PROF     (defined(PROFILING))
                                    ^

/Library/Frameworks/GHC.framework/Versions/8.0.2-x86_64/usr/lib/ghc-8.0.2/include/rts/storage/ClosureMacros.h:523:32: error:
     warning: macro expansion producing 'defined' has undefined behavior [-Wexpansion-to-defined]
#if ZERO_SLOP_FOR_LDV_PROF && !ZERO_SLOP_FOR_SANITY_CHECK
                               ^

/Library/Frameworks/GHC.framework/Versions/8.0.2-x86_64/usr/lib/ghc-8.0.2/include/rts/storage/ClosureMacros.h:503:37: error:
     note: expanded from macro 'ZERO_SLOP_FOR_SANITY_CHECK'
#define ZERO_SLOP_FOR_SANITY_CHECK (defined(DEBUG) && !defined(THREADED_RTS))
                                    ^

/Library/Frameworks/GHC.framework/Versions/8.0.2-x86_64/usr/lib/ghc-8.0.2/include/rts/storage/ClosureMacros.h:523:32: error:
     warning: macro expansion producing 'defined' has undefined behavior [-Wexpansion-to-defined]

/Library/Frameworks/GHC.framework/Versions/8.0.2-x86_64/usr/lib/ghc-8.0.2/include/rts/storage/ClosureMacros.h:503:56: error:
     note: expanded from macro 'ZERO_SLOP_FOR_SANITY_CHECK'
#define ZERO_SLOP_FOR_SANITY_CHECK (defined(DEBUG) && !defined(THREADED_RTS))
                                                       ^

/Library/Frameworks/GHC.framework/Versions/8.0.2-x86_64/usr/lib/ghc-8.0.2/include/rts/storage/ClosureMacros.h:552:5: error:
     warning: macro expansion producing 'defined' has undefined behavior [-Wexpansion-to-defined]
#if ZERO_SLOP_FOR_LDV_PROF && !ZERO_SLOP_FOR_SANITY_CHECK
    ^

/Library/Frameworks/GHC.framework/Versions/8.0.2-x86_64/usr/lib/ghc-8.0.2/include/rts/storage/ClosureMacros.h:502:37: error:
     note: expanded from macro 'ZERO_SLOP_FOR_LDV_PROF'
#define ZERO_SLOP_FOR_LDV_PROF     (defined(PROFILING))
                                    ^

/Library/Frameworks/GHC.framework/Versions/8.0.2-x86_64/usr/lib/ghc-8.0.2/include/rts/storage/ClosureMacros.h:552:32: error:
     warning: macro expansion producing 'defined' has undefined behavior [-Wexpansion-to-defined]
#if ZERO_SLOP_FOR_LDV_PROF && !ZERO_SLOP_FOR_SANITY_CHECK
                               ^

/Library/Frameworks/GHC.framework/Versions/8.0.2-x86_64/usr/lib/ghc-8.0.2/include/rts/storage/ClosureMacros.h:503:37: error:
     note: expanded from macro 'ZERO_SLOP_FOR_SANITY_CHECK'
#define ZERO_SLOP_FOR_SANITY_CHECK (defined(DEBUG) && !defined(THREADED_RTS))
                                    ^

/Library/Frameworks/GHC.framework/Versions/8.0.2-x86_64/usr/lib/ghc-8.0.2/include/rts/storage/ClosureMacros.h:552:32: error:
     warning: macro expansion producing 'defined' has undefined behavior [-Wexpansion-to-defined]

/Library/Frameworks/GHC.framework/Versions/8.0.2-x86_64/usr/lib/ghc-8.0.2/include/rts/storage/ClosureMacros.h:503:56: error:
     note: expanded from macro 'ZERO_SLOP_FOR_SANITY_CHECK'
#define ZERO_SLOP_FOR_SANITY_CHECK (defined(DEBUG) && !defined(THREADED_RTS))
                                                       ^
9 warnings generated.
[3 of 9] Compiling Graphics.Gloss.Internals.Data.Picture ( Graphics/Gloss/Internals/Data/Picture.hs, dist/dist-sandbox-4c142bec/build/Graphics/Gloss/Internals/Data/Picture.p_o )

In file included from /var/folders/d1/1c20kwb529vgk2qx2lqp2w780000gp/T/ghc28533_0/ghc_23.c:2:0: error:
    

In file included from /Library/Frameworks/GHC.framework/Versions/8.0.2-x86_64/usr/lib/ghc-8.0.2/include/Rts.h:217:0: error:
    

/Library/Frameworks/GHC.framework/Versions/8.0.2-x86_64/usr/lib/ghc-8.0.2/include/rts/storage/ClosureMacros.h:505:5: error:
     warning: macro expansion producing 'defined' has undefined behavior [-Wexpansion-to-defined]
#if ZERO_SLOP_FOR_LDV_PROF || ZERO_SLOP_FOR_SANITY_CHECK
    ^

/Library/Frameworks/GHC.framework/Versions/8.0.2-x86_64/usr/lib/ghc-8.0.2/include/rts/storage/ClosureMacros.h:502:37: error:
     note: expanded from macro 'ZERO_SLOP_FOR_LDV_PROF'
#define ZERO_SLOP_FOR_LDV_PROF     (defined(PROFILING))
                                    ^

/Library/Frameworks/GHC.framework/Versions/8.0.2-x86_64/usr/lib/ghc-8.0.2/include/rts/storage/ClosureMacros.h:505:31: error:
     warning: macro expansion producing 'defined' has undefined behavior [-Wexpansion-to-defined]
#if ZERO_SLOP_FOR_LDV_PROF || ZERO_SLOP_FOR_SANITY_CHECK
                              ^

/Library/Frameworks/GHC.framework/Versions/8.0.2-x86_64/usr/lib/ghc-8.0.2/include/rts/storage/ClosureMacros.h:503:37: error:
     note: expanded from macro 'ZERO_SLOP_FOR_SANITY_CHECK'
#define ZERO_SLOP_FOR_SANITY_CHECK (defined(DEBUG) && !defined(THREADED_RTS))
                                    ^

/Library/Frameworks/GHC.framework/Versions/8.0.2-x86_64/usr/lib/ghc-8.0.2/include/rts/storage/ClosureMacros.h:505:31: error:
     warning: macro expansion producing 'defined' has undefined behavior [-Wexpansion-to-defined]

/Library/Frameworks/GHC.framework/Versions/8.0.2-x86_64/usr/lib/ghc-8.0.2/include/rts/storage/ClosureMacros.h:503:56: error:
     note: expanded from macro 'ZERO_SLOP_FOR_SANITY_CHECK'
#define ZERO_SLOP_FOR_SANITY_CHECK (defined(DEBUG) && !defined(THREADED_RTS))
                                                       ^

/Library/Frameworks/GHC.framework/Versions/8.0.2-x86_64/usr/lib/ghc-8.0.2/include/rts/storage/ClosureMacros.h:523:5: error:
     warning: macro expansion producing 'defined' has undefined behavior [-Wexpansion-to-defined]
#if ZERO_SLOP_FOR_LDV_PROF && !ZERO_SLOP_FOR_SANITY_CHECK
    ^

/Library/Frameworks/GHC.framework/Versions/8.0.2-x86_64/usr/lib/ghc-8.0.2/include/rts/storage/ClosureMacros.h:502:37: error:
     note: expanded from macro 'ZERO_SLOP_FOR_LDV_PROF'
#define ZERO_SLOP_FOR_LDV_PROF     (defined(PROFILING))
                                    ^

/Library/Frameworks/GHC.framework/Versions/8.0.2-x86_64/usr/lib/ghc-8.0.2/include/rts/storage/ClosureMacros.h:523:32: error:
     warning: macro expansion producing 'defined' has undefined behavior [-Wexpansion-to-defined]
#if ZERO_SLOP_FOR_LDV_PROF && !ZERO_SLOP_FOR_SANITY_CHECK
                               ^

/Library/Frameworks/GHC.framework/Versions/8.0.2-x86_64/usr/lib/ghc-8.0.2/include/rts/storage/ClosureMacros.h:503:37: error:
     note: expanded from macro 'ZERO_SLOP_FOR_SANITY_CHECK'
#define ZERO_SLOP_FOR_SANITY_CHECK (defined(DEBUG) && !defined(THREADED_RTS))
                                    ^

/Library/Frameworks/GHC.framework/Versions/8.0.2-x86_64/usr/lib/ghc-8.0.2/include/rts/storage/ClosureMacros.h:523:32: error:
     warning: macro expansion producing 'defined' has undefined behavior [-Wexpansion-to-defined]

/Library/Frameworks/GHC.framework/Versions/8.0.2-x86_64/usr/lib/ghc-8.0.2/include/rts/storage/ClosureMacros.h:503:56: error:
     note: expanded from macro 'ZERO_SLOP_FOR_SANITY_CHECK'
#define ZERO_SLOP_FOR_SANITY_CHECK (defined(DEBUG) && !defined(THREADED_RTS))
                                                       ^

/Library/Frameworks/GHC.framework/Versions/8.0.2-x86_64/usr/lib/ghc-8.0.2/include/rts/storage/ClosureMacros.h:552:5: error:
     warning: macro expansion producing 'defined' has undefined behavior [-Wexpansion-to-defined]
#if ZERO_SLOP_FOR_LDV_PROF && !ZERO_SLOP_FOR_SANITY_CHECK
    ^

/Library/Frameworks/GHC.framework/Versions/8.0.2-x86_64/usr/lib/ghc-8.0.2/include/rts/storage/ClosureMacros.h:502:37: error:
     note: expanded from macro 'ZERO_SLOP_FOR_LDV_PROF'
#define ZERO_SLOP_FOR_LDV_PROF     (defined(PROFILING))
                                    ^

/Library/Frameworks/GHC.framework/Versions/8.0.2-x86_64/usr/lib/ghc-8.0.2/include/rts/storage/ClosureMacros.h:552:32: error:
     warning: macro expansion producing 'defined' has undefined behavior [-Wexpansion-to-defined]
#if ZERO_SLOP_FOR_LDV_PROF && !ZERO_SLOP_FOR_SANITY_CHECK
                               ^

/Library/Frameworks/GHC.framework/Versions/8.0.2-x86_64/usr/lib/ghc-8.0.2/include/rts/storage/ClosureMacros.h:503:37: error:
     note: expanded from macro 'ZERO_SLOP_FOR_SANITY_CHECK'
#define ZERO_SLOP_FOR_SANITY_CHECK (defined(DEBUG) && !defined(THREADED_RTS))
                                    ^

/Library/Frameworks/GHC.framework/Versions/8.0.2-x86_64/usr/lib/ghc-8.0.2/include/rts/storage/ClosureMacros.h:552:32: error:
     warning: macro expansion producing 'defined' has undefined behavior [-Wexpansion-to-defined]

/Library/Frameworks/GHC.framework/Versions/8.0.2-x86_64/usr/lib/ghc-8.0.2/include/rts/storage/ClosureMacros.h:503:56: error:
     note: expanded from macro 'ZERO_SLOP_FOR_SANITY_CHECK'
#define ZERO_SLOP_FOR_SANITY_CHECK (defined(DEBUG) && !defined(THREADED_RTS))
                                                       ^
9 warnings generated.
[4 of 9] Compiling Graphics.Gloss.Internals.Rendering.State ( Graphics/Gloss/Internals/Rendering/State.hs, dist/dist-sandbox-4c142bec/build/Graphics/Gloss/Internals/Rendering/State.p_o )

In file included from /var/folders/d1/1c20kwb529vgk2qx2lqp2w780000gp/T/ghc28533_0/ghc_32.c:2:0: error:
    

In file included from /Library/Frameworks/GHC.framework/Versions/8.0.2-x86_64/usr/lib/ghc-8.0.2/include/Rts.h:217:0: error:
    

/Library/Frameworks/GHC.framework/Versions/8.0.2-x86_64/usr/lib/ghc-8.0.2/include/rts/storage/ClosureMacros.h:505:5: error:
     warning: macro expansion producing 'defined' has undefined behavior [-Wexpansion-to-defined]
#if ZERO_SLOP_FOR_LDV_PROF || ZERO_SLOP_FOR_SANITY_CHECK
    ^

/Library/Frameworks/GHC.framework/Versions/8.0.2-x86_64/usr/lib/ghc-8.0.2/include/rts/storage/ClosureMacros.h:502:37: error:
     note: expanded from macro 'ZERO_SLOP_FOR_LDV_PROF'
#define ZERO_SLOP_FOR_LDV_PROF     (defined(PROFILING))
                                    ^

/Library/Frameworks/GHC.framework/Versions/8.0.2-x86_64/usr/lib/ghc-8.0.2/include/rts/storage/ClosureMacros.h:505:31: error:
     warning: macro expansion producing 'defined' has undefined behavior [-Wexpansion-to-defined]
#if ZERO_SLOP_FOR_LDV_PROF || ZERO_SLOP_FOR_SANITY_CHECK
                              ^

/Library/Frameworks/GHC.framework/Versions/8.0.2-x86_64/usr/lib/ghc-8.0.2/include/rts/storage/ClosureMacros.h:503:37: error:
     note: expanded from macro 'ZERO_SLOP_FOR_SANITY_CHECK'
#define ZERO_SLOP_FOR_SANITY_CHECK (defined(DEBUG) && !defined(THREADED_RTS))
                                    ^

/Library/Frameworks/GHC.framework/Versions/8.0.2-x86_64/usr/lib/ghc-8.0.2/include/rts/storage/ClosureMacros.h:505:31: error:
     warning: macro expansion producing 'defined' has undefined behavior [-Wexpansion-to-defined]

/Library/Frameworks/GHC.framework/Versions/8.0.2-x86_64/usr/lib/ghc-8.0.2/include/rts/storage/ClosureMacros.h:503:56: error:
     note: expanded from macro 'ZERO_SLOP_FOR_SANITY_CHECK'
#define ZERO_SLOP_FOR_SANITY_CHECK (defined(DEBUG) && !defined(THREADED_RTS))
                                                       ^

/Library/Frameworks/GHC.framework/Versions/8.0.2-x86_64/usr/lib/ghc-8.0.2/include/rts/storage/ClosureMacros.h:523:5: error:
     warning: macro expansion producing 'defined' has undefined behavior [-Wexpansion-to-defined]
#if ZERO_SLOP_FOR_LDV_PROF && !ZERO_SLOP_FOR_SANITY_CHECK
    ^

/Library/Frameworks/GHC.framework/Versions/8.0.2-x86_64/usr/lib/ghc-8.0.2/include/rts/storage/ClosureMacros.h:502:37: error:
     note: expanded from macro 'ZERO_SLOP_FOR_LDV_PROF'
#define ZERO_SLOP_FOR_LDV_PROF     (defined(PROFILING))
                                    ^

/Library/Frameworks/GHC.framework/Versions/8.0.2-x86_64/usr/lib/ghc-8.0.2/include/rts/storage/ClosureMacros.h:523:32: error:
     warning: macro expansion producing 'defined' has undefined behavior [-Wexpansion-to-defined]
#if ZERO_SLOP_FOR_LDV_PROF && !ZERO_SLOP_FOR_SANITY_CHECK
                               ^

/Library/Frameworks/GHC.framework/Versions/8.0.2-x86_64/usr/lib/ghc-8.0.2/include/rts/storage/ClosureMacros.h:503:37: error:
     note: expanded from macro 'ZERO_SLOP_FOR_SANITY_CHECK'
#define ZERO_SLOP_FOR_SANITY_CHECK (defined(DEBUG) && !defined(THREADED_RTS))
                                    ^

/Library/Frameworks/GHC.framework/Versions/8.0.2-x86_64/usr/lib/ghc-8.0.2/include/rts/storage/ClosureMacros.h:523:32: error:
     warning: macro expansion producing 'defined' has undefined behavior [-Wexpansion-to-defined]

/Library/Frameworks/GHC.framework/Versions/8.0.2-x86_64/usr/lib/ghc-8.0.2/include/rts/storage/ClosureMacros.h:503:56: error:
     note: expanded from macro 'ZERO_SLOP_FOR_SANITY_CHECK'
#define ZERO_SLOP_FOR_SANITY_CHECK (defined(DEBUG) && !defined(THREADED_RTS))
                                                       ^

/Library/Frameworks/GHC.framework/Versions/8.0.2-x86_64/usr/lib/ghc-8.0.2/include/rts/storage/ClosureMacros.h:552:5: error:
     warning: macro expansion producing 'defined' has undefined behavior [-Wexpansion-to-defined]
#if ZERO_SLOP_FOR_LDV_PROF && !ZERO_SLOP_FOR_SANITY_CHECK
    ^

/Library/Frameworks/GHC.framework/Versions/8.0.2-x86_64/usr/lib/ghc-8.0.2/include/rts/storage/ClosureMacros.h:502:37: error:
     note: expanded from macro 'ZERO_SLOP_FOR_LDV_PROF'
#define ZERO_SLOP_FOR_LDV_PROF     (defined(PROFILING))
                                    ^

/Library/Frameworks/GHC.framework/Versions/8.0.2-x86_64/usr/lib/ghc-8.0.2/include/rts/storage/ClosureMacros.h:552:32: error:
     warning: macro expansion producing 'defined' has undefined behavior [-Wexpansion-to-defined]
#if ZERO_SLOP_FOR_LDV_PROF && !ZERO_SLOP_FOR_SANITY_CHECK
                               ^

/Library/Frameworks/GHC.framework/Versions/8.0.2-x86_64/usr/lib/ghc-8.0.2/include/rts/storage/ClosureMacros.h:503:37: error:
     note: expanded from macro 'ZERO_SLOP_FOR_SANITY_CHECK'
#define ZERO_SLOP_FOR_SANITY_CHECK (defined(DEBUG) && !defined(THREADED_RTS))
                                    ^

/Library/Frameworks/GHC.framework/Versions/8.0.2-x86_64/usr/lib/ghc-8.0.2/include/rts/storage/ClosureMacros.h:552:32: error:
     warning: macro expansion producing 'defined' has undefined behavior [-Wexpansion-to-defined]

/Library/Frameworks/GHC.framework/Versions/8.0.2-x86_64/usr/lib/ghc-8.0.2/include/rts/storage/ClosureMacros.h:503:56: error:
     note: expanded from macro 'ZERO_SLOP_FOR_SANITY_CHECK'
#define ZERO_SLOP_FOR_SANITY_CHECK (defined(DEBUG) && !defined(THREADED_RTS))
                                                       ^
9 warnings generated.
[5 of 9] Compiling Graphics.Gloss.Internals.Rendering.Color ( Graphics/Gloss/Internals/Rendering/Color.hs, dist/dist-sandbox-4c142bec/build/Graphics/Gloss/Internals/Rendering/Color.p_o )

In file included from /var/folders/d1/1c20kwb529vgk2qx2lqp2w780000gp/T/ghc28533_0/ghc_41.c:2:0: error:
    

In file included from /Library/Frameworks/GHC.framework/Versions/8.0.2-x86_64/usr/lib/ghc-8.0.2/include/Rts.h:217:0: error:
    

/Library/Frameworks/GHC.framework/Versions/8.0.2-x86_64/usr/lib/ghc-8.0.2/include/rts/storage/ClosureMacros.h:505:5: error:
     warning: macro expansion producing 'defined' has undefined behavior [-Wexpansion-to-defined]
#if ZERO_SLOP_FOR_LDV_PROF || ZERO_SLOP_FOR_SANITY_CHECK
    ^

/Library/Frameworks/GHC.framework/Versions/8.0.2-x86_64/usr/lib/ghc-8.0.2/include/rts/storage/ClosureMacros.h:502:37: error:
     note: expanded from macro 'ZERO_SLOP_FOR_LDV_PROF'
#define ZERO_SLOP_FOR_LDV_PROF     (defined(PROFILING))
                                    ^

/Library/Frameworks/GHC.framework/Versions/8.0.2-x86_64/usr/lib/ghc-8.0.2/include/rts/storage/ClosureMacros.h:505:31: error:
     warning: macro expansion producing 'defined' has undefined behavior [-Wexpansion-to-defined]
#if ZERO_SLOP_FOR_LDV_PROF || ZERO_SLOP_FOR_SANITY_CHECK
                              ^

/Library/Frameworks/GHC.framework/Versions/8.0.2-x86_64/usr/lib/ghc-8.0.2/include/rts/storage/ClosureMacros.h:503:37: error:
     note: expanded from macro 'ZERO_SLOP_FOR_SANITY_CHECK'
#define ZERO_SLOP_FOR_SANITY_CHECK (defined(DEBUG) && !defined(THREADED_RTS))
                                    ^

/Library/Frameworks/GHC.framework/Versions/8.0.2-x86_64/usr/lib/ghc-8.0.2/include/rts/storage/ClosureMacros.h:505:31: error:
     warning: macro expansion producing 'defined' has undefined behavior [-Wexpansion-to-defined]

/Library/Frameworks/GHC.framework/Versions/8.0.2-x86_64/usr/lib/ghc-8.0.2/include/rts/storage/ClosureMacros.h:503:56: error:
     note: expanded from macro 'ZERO_SLOP_FOR_SANITY_CHECK'
#define ZERO_SLOP_FOR_SANITY_CHECK (defined(DEBUG) && !defined(THREADED_RTS))
                                                       ^

/Library/Frameworks/GHC.framework/Versions/8.0.2-x86_64/usr/lib/ghc-8.0.2/include/rts/storage/ClosureMacros.h:523:5: error:
     warning: macro expansion producing 'defined' has undefined behavior [-Wexpansion-to-defined]
#if ZERO_SLOP_FOR_LDV_PROF && !ZERO_SLOP_FOR_SANITY_CHECK
    ^

/Library/Frameworks/GHC.framework/Versions/8.0.2-x86_64/usr/lib/ghc-8.0.2/include/rts/storage/ClosureMacros.h:502:37: error:
     note: expanded from macro 'ZERO_SLOP_FOR_LDV_PROF'
#define ZERO_SLOP_FOR_LDV_PROF     (defined(PROFILING))
                                    ^

/Library/Frameworks/GHC.framework/Versions/8.0.2-x86_64/usr/lib/ghc-8.0.2/include/rts/storage/ClosureMacros.h:523:32: error:
     warning: macro expansion producing 'defined' has undefined behavior [-Wexpansion-to-defined]
#if ZERO_SLOP_FOR_LDV_PROF && !ZERO_SLOP_FOR_SANITY_CHECK
                               ^

/Library/Frameworks/GHC.framework/Versions/8.0.2-x86_64/usr/lib/ghc-8.0.2/include/rts/storage/ClosureMacros.h:503:37: error:
     note: expanded from macro 'ZERO_SLOP_FOR_SANITY_CHECK'
#define ZERO_SLOP_FOR_SANITY_CHECK (defined(DEBUG) && !defined(THREADED_RTS))
                                    ^

/Library/Frameworks/GHC.framework/Versions/8.0.2-x86_64/usr/lib/ghc-8.0.2/include/rts/storage/ClosureMacros.h:523:32: error:
     warning: macro expansion producing 'defined' has undefined behavior [-Wexpansion-to-defined]

/Library/Frameworks/GHC.framework/Versions/8.0.2-x86_64/usr/lib/ghc-8.0.2/include/rts/storage/ClosureMacros.h:503:56: error:
     note: expanded from macro 'ZERO_SLOP_FOR_SANITY_CHECK'
#define ZERO_SLOP_FOR_SANITY_CHECK (defined(DEBUG) && !defined(THREADED_RTS))
                                                       ^

/Library/Frameworks/GHC.framework/Versions/8.0.2-x86_64/usr/lib/ghc-8.0.2/include/rts/storage/ClosureMacros.h:552:5: error:
     warning: macro expansion producing 'defined' has undefined behavior [-Wexpansion-to-defined]
#if ZERO_SLOP_FOR_LDV_PROF && !ZERO_SLOP_FOR_SANITY_CHECK
    ^

/Library/Frameworks/GHC.framework/Versions/8.0.2-x86_64/usr/lib/ghc-8.0.2/include/rts/storage/ClosureMacros.h:502:37: error:
     note: expanded from macro 'ZERO_SLOP_FOR_LDV_PROF'
#define ZERO_SLOP_FOR_LDV_PROF     (defined(PROFILING))
                                    ^

/Library/Frameworks/GHC.framework/Versions/8.0.2-x86_64/usr/lib/ghc-8.0.2/include/rts/storage/ClosureMacros.h:552:32: error:
     warning: macro expansion producing 'defined' has undefined behavior [-Wexpansion-to-defined]
#if ZERO_SLOP_FOR_LDV_PROF && !ZERO_SLOP_FOR_SANITY_CHECK
                               ^

/Library/Frameworks/GHC.framework/Versions/8.0.2-x86_64/usr/lib/ghc-8.0.2/include/rts/storage/ClosureMacros.h:503:37: error:
     note: expanded from macro 'ZERO_SLOP_FOR_SANITY_CHECK'
#define ZERO_SLOP_FOR_SANITY_CHECK (defined(DEBUG) && !defined(THREADED_RTS))
                                    ^

/Library/Frameworks/GHC.framework/Versions/8.0.2-x86_64/usr/lib/ghc-8.0.2/include/rts/storage/ClosureMacros.h:552:32: error:
     warning: macro expansion producing 'defined' has undefined behavior [-Wexpansion-to-defined]

/Library/Frameworks/GHC.framework/Versions/8.0.2-x86_64/usr/lib/ghc-8.0.2/include/rts/storage/ClosureMacros.h:503:56: error:
     note: expanded from macro 'ZERO_SLOP_FOR_SANITY_CHECK'
#define ZERO_SLOP_FOR_SANITY_CHECK (defined(DEBUG) && !defined(THREADED_RTS))
                                                       ^
9 warnings generated.
[6 of 9] Compiling Graphics.Gloss.Internals.Rendering.Common ( Graphics/Gloss/Internals/Rendering/Common.hs, dist/dist-sandbox-4c142bec/build/Graphics/Gloss/Internals/Rendering/Common.p_o )

In file included from /var/folders/d1/1c20kwb529vgk2qx2lqp2w780000gp/T/ghc28533_0/ghc_50.c:2:0: error:
    

In file included from /Library/Frameworks/GHC.framework/Versions/8.0.2-x86_64/usr/lib/ghc-8.0.2/include/Rts.h:217:0: error:
    

/Library/Frameworks/GHC.framework/Versions/8.0.2-x86_64/usr/lib/ghc-8.0.2/include/rts/storage/ClosureMacros.h:505:5: error:
     warning: macro expansion producing 'defined' has undefined behavior [-Wexpansion-to-defined]
#if ZERO_SLOP_FOR_LDV_PROF || ZERO_SLOP_FOR_SANITY_CHECK
    ^

/Library/Frameworks/GHC.framework/Versions/8.0.2-x86_64/usr/lib/ghc-8.0.2/include/rts/storage/ClosureMacros.h:502:37: error:
     note: expanded from macro 'ZERO_SLOP_FOR_LDV_PROF'
#define ZERO_SLOP_FOR_LDV_PROF     (defined(PROFILING))
                                    ^

/Library/Frameworks/GHC.framework/Versions/8.0.2-x86_64/usr/lib/ghc-8.0.2/include/rts/storage/ClosureMacros.h:505:31: error:
     warning: macro expansion producing 'defined' has undefined behavior [-Wexpansion-to-defined]
#if ZERO_SLOP_FOR_LDV_PROF || ZERO_SLOP_FOR_SANITY_CHECK
                              ^

/Library/Frameworks/GHC.framework/Versions/8.0.2-x86_64/usr/lib/ghc-8.0.2/include/rts/storage/ClosureMacros.h:503:37: error:
     note: expanded from macro 'ZERO_SLOP_FOR_SANITY_CHECK'
#define ZERO_SLOP_FOR_SANITY_CHECK (defined(DEBUG) && !defined(THREADED_RTS))
                                    ^

/Library/Frameworks/GHC.framework/Versions/8.0.2-x86_64/usr/lib/ghc-8.0.2/include/rts/storage/ClosureMacros.h:505:31: error:
     warning: macro expansion producing 'defined' has undefined behavior [-Wexpansion-to-defined]

/Library/Frameworks/GHC.framework/Versions/8.0.2-x86_64/usr/lib/ghc-8.0.2/include/rts/storage/ClosureMacros.h:503:56: error:
     note: expanded from macro 'ZERO_SLOP_FOR_SANITY_CHECK'
#define ZERO_SLOP_FOR_SANITY_CHECK (defined(DEBUG) && !defined(THREADED_RTS))
                                                       ^

/Library/Frameworks/GHC.framework/Versions/8.0.2-x86_64/usr/lib/ghc-8.0.2/include/rts/storage/ClosureMacros.h:523:5: error:
     warning: macro expansion producing 'defined' has undefined behavior [-Wexpansion-to-defined]
#if ZERO_SLOP_FOR_LDV_PROF && !ZERO_SLOP_FOR_SANITY_CHECK
    ^

/Library/Frameworks/GHC.framework/Versions/8.0.2-x86_64/usr/lib/ghc-8.0.2/include/rts/storage/ClosureMacros.h:502:37: error:
     note: expanded from macro 'ZERO_SLOP_FOR_LDV_PROF'
#define ZERO_SLOP_FOR_LDV_PROF     (defined(PROFILING))
                                    ^

/Library/Frameworks/GHC.framework/Versions/8.0.2-x86_64/usr/lib/ghc-8.0.2/include/rts/storage/ClosureMacros.h:523:32: error:
     warning: macro expansion producing 'defined' has undefined behavior [-Wexpansion-to-defined]
#if ZERO_SLOP_FOR_LDV_PROF && !ZERO_SLOP_FOR_SANITY_CHECK
                               ^

/Library/Frameworks/GHC.framework/Versions/8.0.2-x86_64/usr/lib/ghc-8.0.2/include/rts/storage/ClosureMacros.h:503:37: error:
     note: expanded from macro 'ZERO_SLOP_FOR_SANITY_CHECK'
#define ZERO_SLOP_FOR_SANITY_CHECK (defined(DEBUG) && !defined(THREADED_RTS))
                                    ^

/Library/Frameworks/GHC.framework/Versions/8.0.2-x86_64/usr/lib/ghc-8.0.2/include/rts/storage/ClosureMacros.h:523:32: error:
     warning: macro expansion producing 'defined' has undefined behavior [-Wexpansion-to-defined]

/Library/Frameworks/GHC.framework/Versions/8.0.2-x86_64/usr/lib/ghc-8.0.2/include/rts/storage/ClosureMacros.h:503:56: error:
     note: expanded from macro 'ZERO_SLOP_FOR_SANITY_CHECK'
#define ZERO_SLOP_FOR_SANITY_CHECK (defined(DEBUG) && !defined(THREADED_RTS))
                                                       ^

/Library/Frameworks/GHC.framework/Versions/8.0.2-x86_64/usr/lib/ghc-8.0.2/include/rts/storage/ClosureMacros.h:552:5: error:
     warning: macro expansion producing 'defined' has undefined behavior [-Wexpansion-to-defined]
#if ZERO_SLOP_FOR_LDV_PROF && !ZERO_SLOP_FOR_SANITY_CHECK
    ^

/Library/Frameworks/GHC.framework/Versions/8.0.2-x86_64/usr/lib/ghc-8.0.2/include/rts/storage/ClosureMacros.h:502:37: error:
     note: expanded from macro 'ZERO_SLOP_FOR_LDV_PROF'
#define ZERO_SLOP_FOR_LDV_PROF     (defined(PROFILING))
                                    ^

/Library/Frameworks/GHC.framework/Versions/8.0.2-x86_64/usr/lib/ghc-8.0.2/include/rts/storage/ClosureMacros.h:552:32: error:
     warning: macro expansion producing 'defined' has undefined behavior [-Wexpansion-to-defined]
#if ZERO_SLOP_FOR_LDV_PROF && !ZERO_SLOP_FOR_SANITY_CHECK
                               ^

/Library/Frameworks/GHC.framework/Versions/8.0.2-x86_64/usr/lib/ghc-8.0.2/include/rts/storage/ClosureMacros.h:503:37: error:
     note: expanded from macro 'ZERO_SLOP_FOR_SANITY_CHECK'
#define ZERO_SLOP_FOR_SANITY_CHECK (defined(DEBUG) && !defined(THREADED_RTS))
                                    ^

/Library/Frameworks/GHC.framework/Versions/8.0.2-x86_64/usr/lib/ghc-8.0.2/include/rts/storage/ClosureMacros.h:552:32: error:
     warning: macro expansion producing 'defined' has undefined behavior [-Wexpansion-to-defined]

/Library/Frameworks/GHC.framework/Versions/8.0.2-x86_64/usr/lib/ghc-8.0.2/include/rts/storage/ClosureMacros.h:503:56: error:
     note: expanded from macro 'ZERO_SLOP_FOR_SANITY_CHECK'
#define ZERO_SLOP_FOR_SANITY_CHECK (defined(DEBUG) && !defined(THREADED_RTS))
                                                       ^
9 warnings generated.
[7 of 9] Compiling Graphics.Gloss.Internals.Rendering.Circle ( Graphics/Gloss/Internals/Rendering/Circle.hs, dist/dist-sandbox-4c142bec/build/Graphics/Gloss/Internals/Rendering/Circle.p_o )

In file included from /var/folders/d1/1c20kwb529vgk2qx2lqp2w780000gp/T/ghc28533_0/ghc_59.c:2:0: error:
    

In file included from /Library/Frameworks/GHC.framework/Versions/8.0.2-x86_64/usr/lib/ghc-8.0.2/include/Rts.h:217:0: error:
    

/Library/Frameworks/GHC.framework/Versions/8.0.2-x86_64/usr/lib/ghc-8.0.2/include/rts/storage/ClosureMacros.h:505:5: error:
     warning: macro expansion producing 'defined' has undefined behavior [-Wexpansion-to-defined]
#if ZERO_SLOP_FOR_LDV_PROF || ZERO_SLOP_FOR_SANITY_CHECK
    ^

/Library/Frameworks/GHC.framework/Versions/8.0.2-x86_64/usr/lib/ghc-8.0.2/include/rts/storage/ClosureMacros.h:502:37: error:
     note: expanded from macro 'ZERO_SLOP_FOR_LDV_PROF'
#define ZERO_SLOP_FOR_LDV_PROF     (defined(PROFILING))
                                    ^

/Library/Frameworks/GHC.framework/Versions/8.0.2-x86_64/usr/lib/ghc-8.0.2/include/rts/storage/ClosureMacros.h:505:31: error:
     warning: macro expansion producing 'defined' has undefined behavior [-Wexpansion-to-defined]
#if ZERO_SLOP_FOR_LDV_PROF || ZERO_SLOP_FOR_SANITY_CHECK
                              ^

/Library/Frameworks/GHC.framework/Versions/8.0.2-x86_64/usr/lib/ghc-8.0.2/include/rts/storage/ClosureMacros.h:503:37: error:
     note: expanded from macro 'ZERO_SLOP_FOR_SANITY_CHECK'
#define ZERO_SLOP_FOR_SANITY_CHECK (defined(DEBUG) && !defined(THREADED_RTS))
                                    ^

/Library/Frameworks/GHC.framework/Versions/8.0.2-x86_64/usr/lib/ghc-8.0.2/include/rts/storage/ClosureMacros.h:505:31: error:
     warning: macro expansion producing 'defined' has undefined behavior [-Wexpansion-to-defined]

/Library/Frameworks/GHC.framework/Versions/8.0.2-x86_64/usr/lib/ghc-8.0.2/include/rts/storage/ClosureMacros.h:503:56: error:
     note: expanded from macro 'ZERO_SLOP_FOR_SANITY_CHECK'
#define ZERO_SLOP_FOR_SANITY_CHECK (defined(DEBUG) && !defined(THREADED_RTS))
                                                       ^

/Library/Frameworks/GHC.framework/Versions/8.0.2-x86_64/usr/lib/ghc-8.0.2/include/rts/storage/ClosureMacros.h:523:5: error:
     warning: macro expansion producing 'defined' has undefined behavior [-Wexpansion-to-defined]
#if ZERO_SLOP_FOR_LDV_PROF && !ZERO_SLOP_FOR_SANITY_CHECK
    ^

/Library/Frameworks/GHC.framework/Versions/8.0.2-x86_64/usr/lib/ghc-8.0.2/include/rts/storage/ClosureMacros.h:502:37: error:
     note: expanded from macro 'ZERO_SLOP_FOR_LDV_PROF'
#define ZERO_SLOP_FOR_LDV_PROF     (defined(PROFILING))
                                    ^

/Library/Frameworks/GHC.framework/Versions/8.0.2-x86_64/usr/lib/ghc-8.0.2/include/rts/storage/ClosureMacros.h:523:32: error:
     warning: macro expansion producing 'defined' has undefined behavior [-Wexpansion-to-defined]
#if ZERO_SLOP_FOR_LDV_PROF && !ZERO_SLOP_FOR_SANITY_CHECK
                               ^

/Library/Frameworks/GHC.framework/Versions/8.0.2-x86_64/usr/lib/ghc-8.0.2/include/rts/storage/ClosureMacros.h:503:37: error:
     note: expanded from macro 'ZERO_SLOP_FOR_SANITY_CHECK'
#define ZERO_SLOP_FOR_SANITY_CHECK (defined(DEBUG) && !defined(THREADED_RTS))
                                    ^

/Library/Frameworks/GHC.framework/Versions/8.0.2-x86_64/usr/lib/ghc-8.0.2/include/rts/storage/ClosureMacros.h:523:32: error:
     warning: macro expansion producing 'defined' has undefined behavior [-Wexpansion-to-defined]

/Library/Frameworks/GHC.framework/Versions/8.0.2-x86_64/usr/lib/ghc-8.0.2/include/rts/storage/ClosureMacros.h:503:56: error:
     note: expanded from macro 'ZERO_SLOP_FOR_SANITY_CHECK'
#define ZERO_SLOP_FOR_SANITY_CHECK (defined(DEBUG) && !defined(THREADED_RTS))
                                                       ^

/Library/Frameworks/GHC.framework/Versions/8.0.2-x86_64/usr/lib/ghc-8.0.2/include/rts/storage/ClosureMacros.h:552:5: error:
     warning: macro expansion producing 'defined' has undefined behavior [-Wexpansion-to-defined]
#if ZERO_SLOP_FOR_LDV_PROF && !ZERO_SLOP_FOR_SANITY_CHECK
    ^

/Library/Frameworks/GHC.framework/Versions/8.0.2-x86_64/usr/lib/ghc-8.0.2/include/rts/storage/ClosureMacros.h:502:37: error:
     note: expanded from macro 'ZERO_SLOP_FOR_LDV_PROF'
#define ZERO_SLOP_FOR_LDV_PROF     (defined(PROFILING))
                                    ^

/Library/Frameworks/GHC.framework/Versions/8.0.2-x86_64/usr/lib/ghc-8.0.2/include/rts/storage/ClosureMacros.h:552:32: error:
     warning: macro expansion producing 'defined' has undefined behavior [-Wexpansion-to-defined]
#if ZERO_SLOP_FOR_LDV_PROF && !ZERO_SLOP_FOR_SANITY_CHECK
                               ^

/Library/Frameworks/GHC.framework/Versions/8.0.2-x86_64/usr/lib/ghc-8.0.2/include/rts/storage/ClosureMacros.h:503:37: error:
     note: expanded from macro 'ZERO_SLOP_FOR_SANITY_CHECK'
#define ZERO_SLOP_FOR_SANITY_CHECK (defined(DEBUG) && !defined(THREADED_RTS))
                                    ^

/Library/Frameworks/GHC.framework/Versions/8.0.2-x86_64/usr/lib/ghc-8.0.2/include/rts/storage/ClosureMacros.h:552:32: error:
     warning: macro expansion producing 'defined' has undefined behavior [-Wexpansion-to-defined]

/Library/Frameworks/GHC.framework/Versions/8.0.2-x86_64/usr/lib/ghc-8.0.2/include/rts/storage/ClosureMacros.h:503:56: error:
     note: expanded from macro 'ZERO_SLOP_FOR_SANITY_CHECK'
#define ZERO_SLOP_FOR_SANITY_CHECK (defined(DEBUG) && !defined(THREADED_RTS))
                                                       ^
9 warnings generated.
[8 of 9] Compiling Graphics.Gloss.Internals.Rendering.Picture ( Graphics/Gloss/Internals/Rendering/Picture.hs, dist/dist-sandbox-4c142bec/build/Graphics/Gloss/Internals/Rendering/Picture.p_o )

In file included from /var/folders/d1/1c20kwb529vgk2qx2lqp2w780000gp/T/ghc28533_0/ghc_68.c:2:0: error:
    

In file included from /Library/Frameworks/GHC.framework/Versions/8.0.2-x86_64/usr/lib/ghc-8.0.2/include/Rts.h:217:0: error:
    

/Library/Frameworks/GHC.framework/Versions/8.0.2-x86_64/usr/lib/ghc-8.0.2/include/rts/storage/ClosureMacros.h:505:5: error:
     warning: macro expansion producing 'defined' has undefined behavior [-Wexpansion-to-defined]
#if ZERO_SLOP_FOR_LDV_PROF || ZERO_SLOP_FOR_SANITY_CHECK
    ^

/Library/Frameworks/GHC.framework/Versions/8.0.2-x86_64/usr/lib/ghc-8.0.2/include/rts/storage/ClosureMacros.h:502:37: error:
     note: expanded from macro 'ZERO_SLOP_FOR_LDV_PROF'
#define ZERO_SLOP_FOR_LDV_PROF     (defined(PROFILING))
                                    ^

/Library/Frameworks/GHC.framework/Versions/8.0.2-x86_64/usr/lib/ghc-8.0.2/include/rts/storage/ClosureMacros.h:505:31: error:
     warning: macro expansion producing 'defined' has undefined behavior [-Wexpansion-to-defined]
#if ZERO_SLOP_FOR_LDV_PROF || ZERO_SLOP_FOR_SANITY_CHECK
                              ^

/Library/Frameworks/GHC.framework/Versions/8.0.2-x86_64/usr/lib/ghc-8.0.2/include/rts/storage/ClosureMacros.h:503:37: error:
     note: expanded from macro 'ZERO_SLOP_FOR_SANITY_CHECK'
#define ZERO_SLOP_FOR_SANITY_CHECK (defined(DEBUG) && !defined(THREADED_RTS))
                                    ^

/Library/Frameworks/GHC.framework/Versions/8.0.2-x86_64/usr/lib/ghc-8.0.2/include/rts/storage/ClosureMacros.h:505:31: error:
     warning: macro expansion producing 'defined' has undefined behavior [-Wexpansion-to-defined]

/Library/Frameworks/GHC.framework/Versions/8.0.2-x86_64/usr/lib/ghc-8.0.2/include/rts/storage/ClosureMacros.h:503:56: error:
     note: expanded from macro 'ZERO_SLOP_FOR_SANITY_CHECK'
#define ZERO_SLOP_FOR_SANITY_CHECK (defined(DEBUG) && !defined(THREADED_RTS))
                                                       ^

/Library/Frameworks/GHC.framework/Versions/8.0.2-x86_64/usr/lib/ghc-8.0.2/include/rts/storage/ClosureMacros.h:523:5: error:
     warning: macro expansion producing 'defined' has undefined behavior [-Wexpansion-to-defined]
#if ZERO_SLOP_FOR_LDV_PROF && !ZERO_SLOP_FOR_SANITY_CHECK
    ^

/Library/Frameworks/GHC.framework/Versions/8.0.2-x86_64/usr/lib/ghc-8.0.2/include/rts/storage/ClosureMacros.h:502:37: error:
     note: expanded from macro 'ZERO_SLOP_FOR_LDV_PROF'
#define ZERO_SLOP_FOR_LDV_PROF     (defined(PROFILING))
                                    ^

/Library/Frameworks/GHC.framework/Versions/8.0.2-x86_64/usr/lib/ghc-8.0.2/include/rts/storage/ClosureMacros.h:523:32: error:
     warning: macro expansion producing 'defined' has undefined behavior [-Wexpansion-to-defined]
#if ZERO_SLOP_FOR_LDV_PROF && !ZERO_SLOP_FOR_SANITY_CHECK
                               ^

/Library/Frameworks/GHC.framework/Versions/8.0.2-x86_64/usr/lib/ghc-8.0.2/include/rts/storage/ClosureMacros.h:503:37: error:
     note: expanded from macro 'ZERO_SLOP_FOR_SANITY_CHECK'
#define ZERO_SLOP_FOR_SANITY_CHECK (defined(DEBUG) && !defined(THREADED_RTS))
                                    ^

/Library/Frameworks/GHC.framework/Versions/8.0.2-x86_64/usr/lib/ghc-8.0.2/include/rts/storage/ClosureMacros.h:523:32: error:
     warning: macro expansion producing 'defined' has undefined behavior [-Wexpansion-to-defined]

/Library/Frameworks/GHC.framework/Versions/8.0.2-x86_64/usr/lib/ghc-8.0.2/include/rts/storage/ClosureMacros.h:503:56: error:
     note: expanded from macro 'ZERO_SLOP_FOR_SANITY_CHECK'
#define ZERO_SLOP_FOR_SANITY_CHECK (defined(DEBUG) && !defined(THREADED_RTS))
                                                       ^

/Library/Frameworks/GHC.framework/Versions/8.0.2-x86_64/usr/lib/ghc-8.0.2/include/rts/storage/ClosureMacros.h:552:5: error:
     warning: macro expansion producing 'defined' has undefined behavior [-Wexpansion-to-defined]
#if ZERO_SLOP_FOR_LDV_PROF && !ZERO_SLOP_FOR_SANITY_CHECK
    ^

/Library/Frameworks/GHC.framework/Versions/8.0.2-x86_64/usr/lib/ghc-8.0.2/include/rts/storage/ClosureMacros.h:502:37: error:
     note: expanded from macro 'ZERO_SLOP_FOR_LDV_PROF'
#define ZERO_SLOP_FOR_LDV_PROF     (defined(PROFILING))
                                    ^

/Library/Frameworks/GHC.framework/Versions/8.0.2-x86_64/usr/lib/ghc-8.0.2/include/rts/storage/ClosureMacros.h:552:32: error:
     warning: macro expansion producing 'defined' has undefined behavior [-Wexpansion-to-defined]
#if ZERO_SLOP_FOR_LDV_PROF && !ZERO_SLOP_FOR_SANITY_CHECK
                               ^

/Library/Frameworks/GHC.framework/Versions/8.0.2-x86_64/usr/lib/ghc-8.0.2/include/rts/storage/ClosureMacros.h:503:37: error:
     note: expanded from macro 'ZERO_SLOP_FOR_SANITY_CHECK'
#define ZERO_SLOP_FOR_SANITY_CHECK (defined(DEBUG) && !defined(THREADED_RTS))
                                    ^

/Library/Frameworks/GHC.framework/Versions/8.0.2-x86_64/usr/lib/ghc-8.0.2/include/rts/storage/ClosureMacros.h:552:32: error:
     warning: macro expansion producing 'defined' has undefined behavior [-Wexpansion-to-defined]

/Library/Frameworks/GHC.framework/Versions/8.0.2-x86_64/usr/lib/ghc-8.0.2/include/rts/storage/ClosureMacros.h:503:56: error:
     note: expanded from macro 'ZERO_SLOP_FOR_SANITY_CHECK'
#define ZERO_SLOP_FOR_SANITY_CHECK (defined(DEBUG) && !defined(THREADED_RTS))
                                                       ^
9 warnings generated.
[9 of 9] Compiling Graphics.Gloss.Rendering ( Graphics/Gloss/Rendering.hs, dist/dist-sandbox-4c142bec/build/Graphics/Gloss/Rendering.p_o )

In file included from /var/folders/d1/1c20kwb529vgk2qx2lqp2w780000gp/T/ghc28533_0/ghc_77.c:2:0: error:
    

In file included from /Library/Frameworks/GHC.framework/Versions/8.0.2-x86_64/usr/lib/ghc-8.0.2/include/Rts.h:217:0: error:
    

/Library/Frameworks/GHC.framework/Versions/8.0.2-x86_64/usr/lib/ghc-8.0.2/include/rts/storage/ClosureMacros.h:505:5: error:
     warning: macro expansion producing 'defined' has undefined behavior [-Wexpansion-to-defined]
#if ZERO_SLOP_FOR_LDV_PROF || ZERO_SLOP_FOR_SANITY_CHECK
    ^

/Library/Frameworks/GHC.framework/Versions/8.0.2-x86_64/usr/lib/ghc-8.0.2/include/rts/storage/ClosureMacros.h:502:37: error:
     note: expanded from macro 'ZERO_SLOP_FOR_LDV_PROF'
#define ZERO_SLOP_FOR_LDV_PROF     (defined(PROFILING))
                                    ^

/Library/Frameworks/GHC.framework/Versions/8.0.2-x86_64/usr/lib/ghc-8.0.2/include/rts/storage/ClosureMacros.h:505:31: error:
     warning: macro expansion producing 'defined' has undefined behavior [-Wexpansion-to-defined]
#if ZERO_SLOP_FOR_LDV_PROF || ZERO_SLOP_FOR_SANITY_CHECK
                              ^

/Library/Frameworks/GHC.framework/Versions/8.0.2-x86_64/usr/lib/ghc-8.0.2/include/rts/storage/ClosureMacros.h:503:37: error:
     note: expanded from macro 'ZERO_SLOP_FOR_SANITY_CHECK'
#define ZERO_SLOP_FOR_SANITY_CHECK (defined(DEBUG) && !defined(THREADED_RTS))
                                    ^

/Library/Frameworks/GHC.framework/Versions/8.0.2-x86_64/usr/lib/ghc-8.0.2/include/rts/storage/ClosureMacros.h:505:31: error:
     warning: macro expansion producing 'defined' has undefined behavior [-Wexpansion-to-defined]

/Library/Frameworks/GHC.framework/Versions/8.0.2-x86_64/usr/lib/ghc-8.0.2/include/rts/storage/ClosureMacros.h:503:56: error:
     note: expanded from macro 'ZERO_SLOP_FOR_SANITY_CHECK'
#define ZERO_SLOP_FOR_SANITY_CHECK (defined(DEBUG) && !defined(THREADED_RTS))
                                                       ^

/Library/Frameworks/GHC.framework/Versions/8.0.2-x86_64/usr/lib/ghc-8.0.2/include/rts/storage/ClosureMacros.h:523:5: error:
     warning: macro expansion producing 'defined' has undefined behavior [-Wexpansion-to-defined]
#if ZERO_SLOP_FOR_LDV_PROF && !ZERO_SLOP_FOR_SANITY_CHECK
    ^

/Library/Frameworks/GHC.framework/Versions/8.0.2-x86_64/usr/lib/ghc-8.0.2/include/rts/storage/ClosureMacros.h:502:37: error:
     note: expanded from macro 'ZERO_SLOP_FOR_LDV_PROF'
#define ZERO_SLOP_FOR_LDV_PROF     (defined(PROFILING))
                                    ^

/Library/Frameworks/GHC.framework/Versions/8.0.2-x86_64/usr/lib/ghc-8.0.2/include/rts/storage/ClosureMacros.h:523:32: error:
     warning: macro expansion producing 'defined' has undefined behavior [-Wexpansion-to-defined]
#if ZERO_SLOP_FOR_LDV_PROF && !ZERO_SLOP_FOR_SANITY_CHECK
                               ^

/Library/Frameworks/GHC.framework/Versions/8.0.2-x86_64/usr/lib/ghc-8.0.2/include/rts/storage/ClosureMacros.h:503:37: error:
     note: expanded from macro 'ZERO_SLOP_FOR_SANITY_CHECK'
#define ZERO_SLOP_FOR_SANITY_CHECK (defined(DEBUG) && !defined(THREADED_RTS))
                                    ^

/Library/Frameworks/GHC.framework/Versions/8.0.2-x86_64/usr/lib/ghc-8.0.2/include/rts/storage/ClosureMacros.h:523:32: error:
     warning: macro expansion producing 'defined' has undefined behavior [-Wexpansion-to-defined]

/Library/Frameworks/GHC.framework/Versions/8.0.2-x86_64/usr/lib/ghc-8.0.2/include/rts/storage/ClosureMacros.h:503:56: error:
     note: expanded from macro 'ZERO_SLOP_FOR_SANITY_CHECK'
#define ZERO_SLOP_FOR_SANITY_CHECK (defined(DEBUG) && !defined(THREADED_RTS))
                                                       ^

/Library/Frameworks/GHC.framework/Versions/8.0.2-x86_64/usr/lib/ghc-8.0.2/include/rts/storage/ClosureMacros.h:552:5: error:
     warning: macro expansion producing 'defined' has undefined behavior [-Wexpansion-to-defined]
#if ZERO_SLOP_FOR_LDV_PROF && !ZERO_SLOP_FOR_SANITY_CHECK
    ^

/Library/Frameworks/GHC.framework/Versions/8.0.2-x86_64/usr/lib/ghc-8.0.2/include/rts/storage/ClosureMacros.h:502:37: error:
     note: expanded from macro 'ZERO_SLOP_FOR_LDV_PROF'
#define ZERO_SLOP_FOR_LDV_PROF     (defined(PROFILING))
                                    ^

/Library/Frameworks/GHC.framework/Versions/8.0.2-x86_64/usr/lib/ghc-8.0.2/include/rts/storage/ClosureMacros.h:552:32: error:
     warning: macro expansion producing 'defined' has undefined behavior [-Wexpansion-to-defined]
#if ZERO_SLOP_FOR_LDV_PROF && !ZERO_SLOP_FOR_SANITY_CHECK
                               ^

/Library/Frameworks/GHC.framework/Versions/8.0.2-x86_64/usr/lib/ghc-8.0.2/include/rts/storage/ClosureMacros.h:503:37: error:
     note: expanded from macro 'ZERO_SLOP_FOR_SANITY_CHECK'
#define ZERO_SLOP_FOR_SANITY_CHECK (defined(DEBUG) && !defined(THREADED_RTS))
                                    ^

/Library/Frameworks/GHC.framework/Versions/8.0.2-x86_64/usr/lib/ghc-8.0.2/include/rts/storage/ClosureMacros.h:552:32: error:
     warning: macro expansion producing 'defined' has undefined behavior [-Wexpansion-to-defined]

/Library/Frameworks/GHC.framework/Versions/8.0.2-x86_64/usr/lib/ghc-8.0.2/include/rts/storage/ClosureMacros.h:503:56: error:
     note: expanded from macro 'ZERO_SLOP_FOR_SANITY_CHECK'
#define ZERO_SLOP_FOR_SANITY_CHECK (defined(DEBUG) && !defined(THREADED_RTS))
                                                       ^
9 warnings generated.
Running Haddock for gloss-rendering-1.13.0.2...
Preprocessing library gloss-rendering-1.13.0.2...
Haddock coverage:
 100% (  8 /  8) in 'Graphics.Gloss.Internals.Rendering.Bitmap'
 100% (  8 /  8) in 'Graphics.Gloss.Internals.Data.Color'
  90% ( 18 / 20) in 'Graphics.Gloss.Internals.Data.Picture'
  Missing documentation for:
    bitmapDataOfForeignPtr (Graphics/Gloss/Internals/Data/Picture.hs:147)
    bitmapDataOfByteString (Graphics/Gloss/Internals/Data/Picture.hs:165)
 100% (  4 /  4) in 'Graphics.Gloss.Internals.Rendering.State'
  50% (  1 /  2) in 'Graphics.Gloss.Internals.Rendering.Color'
  Missing documentation for:
    Module header
  80% (  4 /  5) in 'Graphics.Gloss.Internals.Rendering.Common'
  Missing documentation for:
    Module header
 100% (  3 /  3) in 'Graphics.Gloss.Internals.Rendering.Circle'
  50% (  1 /  2) in 'Graphics.Gloss.Internals.Rendering.Picture'
  Missing documentation for:
    Module header
  91% ( 32 / 35) in 'Graphics.Gloss.Rendering'
  Missing documentation for:
    Module header
    bitmapDataOfForeignPtr (Graphics/Gloss/Internals/Data/Picture.hs:147)
    bitmapDataOfByteString (Graphics/Gloss/Internals/Data/Picture.hs:165)
Documentation created:
dist/dist-sandbox-4c142bec/doc/html/gloss-rendering/index.html
Creating package registration file:
/var/folders/d1/1c20kwb529vgk2qx2lqp2w780000gp/T/pkgConf-gloss-rendering-1.13.0510616708590357944.2
Installing library in
/Users/Erik/Desktop/gloss/.cabal-sandbox/lib/x86_64-osx-ghc-8.0.2/gloss-rendering-1.13.0.2-5vVjOgmniwF2ujwiGcx8nq
Registering gloss-rendering-1.13.0.2...
cabal: Leaving directory '/var/folders/d1/1c20kwb529vgk2qx2lqp2w780000gp/T/cabal-tmp-17262/gloss-rendering-1.13.0.2'
