cabal: Entering directory '/var/folders/d1/1c20kwb529vgk2qx2lqp2w780000gp/T/cabal-tmp-17263/bmp-1.2.6.3'
Configuring bmp-1.2.6.3...
Building bmp-1.2.6.3...
Preprocessing library bmp-1.2.6.3...
[ 1 of 12] Compiling Codec.BMP.Compression ( Codec/BMP/Compression.hs, dist/dist-sandbox-4c142bec/build/Codec/BMP/Compression.o )
[ 2 of 12] Compiling Codec.BMP.Error  ( Codec/BMP/Error.hs, dist/dist-sandbox-4c142bec/build/Codec/BMP/Error.o )
[ 3 of 12] Compiling Codec.BMP.CIEXYZ ( Codec/BMP/CIEXYZ.hs, dist/dist-sandbox-4c142bec/build/Codec/BMP/CIEXYZ.o )
[ 4 of 12] Compiling Codec.BMP.BitmapInfoV3 ( Codec/BMP/BitmapInfoV3.hs, dist/dist-sandbox-4c142bec/build/Codec/BMP/BitmapInfoV3.o )
[ 5 of 12] Compiling Codec.BMP.BitmapInfoV4 ( Codec/BMP/BitmapInfoV4.hs, dist/dist-sandbox-4c142bec/build/Codec/BMP/BitmapInfoV4.o )
[ 6 of 12] Compiling Codec.BMP.BitmapInfoV5 ( Codec/BMP/BitmapInfoV5.hs, dist/dist-sandbox-4c142bec/build/Codec/BMP/BitmapInfoV5.o )
[ 7 of 12] Compiling Codec.BMP.FileHeader ( Codec/BMP/FileHeader.hs, dist/dist-sandbox-4c142bec/build/Codec/BMP/FileHeader.o )
[ 8 of 12] Compiling Codec.BMP.BitmapInfo ( Codec/BMP/BitmapInfo.hs, dist/dist-sandbox-4c142bec/build/Codec/BMP/BitmapInfo.o )
[ 9 of 12] Compiling Codec.BMP.Base   ( Codec/BMP/Base.hs, dist/dist-sandbox-4c142bec/build/Codec/BMP/Base.o )
[10 of 12] Compiling Codec.BMP.Pack   ( Codec/BMP/Pack.hs, dist/dist-sandbox-4c142bec/build/Codec/BMP/Pack.o )
[11 of 12] Compiling Codec.BMP.Unpack ( Codec/BMP/Unpack.hs, dist/dist-sandbox-4c142bec/build/Codec/BMP/Unpack.o )
[12 of 12] Compiling Codec.BMP        ( Codec/BMP.hs, dist/dist-sandbox-4c142bec/build/Codec/BMP.o )
[ 1 of 12] Compiling Codec.BMP.Compression ( Codec/BMP/Compression.hs, dist/dist-sandbox-4c142bec/build/Codec/BMP/Compression.p_o )

In file included from /var/folders/d1/1c20kwb529vgk2qx2lqp2w780000gp/T/ghc17767_0/ghc_3.c:2:0: error:
    

In file included from /Library/Frameworks/GHC.framework/Versions/8.0.2-x86_64/usr/lib/ghc-8.0.2/include/Rts.h:217:0: error:
    

/Library/Frameworks/GHC.framework/Versions/8.0.2-x86_64/usr/lib/ghc-8.0.2/include/rts/storage/ClosureMacros.h:505:5: error:
     warning: macro expansion producing 'defined' has undefined behavior [-Wexpansion-to-defined]
#if ZERO_SLOP_FOR_LDV_PROF || ZERO_SLOP_FOR_SANITY_CHECK
    ^

/Library/Frameworks/GHC.framework/Versions/8.0.2-x86_64/usr/lib/ghc-8.0.2/include/rts/storage/ClosureMacros.h:502:37: error:
     note: expanded from macro 'ZERO_SLOP_FOR_LDV_PROF'
#define ZERO_SLOP_FOR_LDV_PROF     (defined(PROFILING))
                                    ^

/Library/Frameworks/GHC.framework/Versions/8.0.2-x86_64/usr/lib/ghc-8.0.2/include/rts/storage/ClosureMacros.h:505:31: error:
     warning: macro expansion producing 'defined' has undefined behavior [-Wexpansion-to-defined]
#if ZERO_SLOP_FOR_LDV_PROF || ZERO_SLOP_FOR_SANITY_CHECK
                              ^

/Library/Frameworks/GHC.framework/Versions/8.0.2-x86_64/usr/lib/ghc-8.0.2/include/rts/storage/ClosureMacros.h:503:37: error:
     note: expanded from macro 'ZERO_SLOP_FOR_SANITY_CHECK'
#define ZERO_SLOP_FOR_SANITY_CHECK (defined(DEBUG) && !defined(THREADED_RTS))
                                    ^

/Library/Frameworks/GHC.framework/Versions/8.0.2-x86_64/usr/lib/ghc-8.0.2/include/rts/storage/ClosureMacros.h:505:31: error:
     warning: macro expansion producing 'defined' has undefined behavior [-Wexpansion-to-defined]

/Library/Frameworks/GHC.framework/Versions/8.0.2-x86_64/usr/lib/ghc-8.0.2/include/rts/storage/ClosureMacros.h:503:56: error:
     note: expanded from macro 'ZERO_SLOP_FOR_SANITY_CHECK'
#define ZERO_SLOP_FOR_SANITY_CHECK (defined(DEBUG) && !defined(THREADED_RTS))
                                                       ^

/Library/Frameworks/GHC.framework/Versions/8.0.2-x86_64/usr/lib/ghc-8.0.2/include/rts/storage/ClosureMacros.h:523:5: error:
     warning: macro expansion producing 'defined' has undefined behavior [-Wexpansion-to-defined]
#if ZERO_SLOP_FOR_LDV_PROF && !ZERO_SLOP_FOR_SANITY_CHECK
    ^

/Library/Frameworks/GHC.framework/Versions/8.0.2-x86_64/usr/lib/ghc-8.0.2/include/rts/storage/ClosureMacros.h:502:37: error:
     note: expanded from macro 'ZERO_SLOP_FOR_LDV_PROF'
#define ZERO_SLOP_FOR_LDV_PROF     (defined(PROFILING))
                                    ^

/Library/Frameworks/GHC.framework/Versions/8.0.2-x86_64/usr/lib/ghc-8.0.2/include/rts/storage/ClosureMacros.h:523:32: error:
     warning: macro expansion producing 'defined' has undefined behavior [-Wexpansion-to-defined]
#if ZERO_SLOP_FOR_LDV_PROF && !ZERO_SLOP_FOR_SANITY_CHECK
                               ^

/Library/Frameworks/GHC.framework/Versions/8.0.2-x86_64/usr/lib/ghc-8.0.2/include/rts/storage/ClosureMacros.h:503:37: error:
     note: expanded from macro 'ZERO_SLOP_FOR_SANITY_CHECK'
#define ZERO_SLOP_FOR_SANITY_CHECK (defined(DEBUG) && !defined(THREADED_RTS))
                                    ^

/Library/Frameworks/GHC.framework/Versions/8.0.2-x86_64/usr/lib/ghc-8.0.2/include/rts/storage/ClosureMacros.h:523:32: error:
     warning: macro expansion producing 'defined' has undefined behavior [-Wexpansion-to-defined]

/Library/Frameworks/GHC.framework/Versions/8.0.2-x86_64/usr/lib/ghc-8.0.2/include/rts/storage/ClosureMacros.h:503:56: error:
     note: expanded from macro 'ZERO_SLOP_FOR_SANITY_CHECK'
#define ZERO_SLOP_FOR_SANITY_CHECK (defined(DEBUG) && !defined(THREADED_RTS))
                                                       ^

/Library/Frameworks/GHC.framework/Versions/8.0.2-x86_64/usr/lib/ghc-8.0.2/include/rts/storage/ClosureMacros.h:552:5: error:
     warning: macro expansion producing 'defined' has undefined behavior [-Wexpansion-to-defined]
#if ZERO_SLOP_FOR_LDV_PROF && !ZERO_SLOP_FOR_SANITY_CHECK
    ^

/Library/Frameworks/GHC.framework/Versions/8.0.2-x86_64/usr/lib/ghc-8.0.2/include/rts/storage/ClosureMacros.h:502:37: error:
     note: expanded from macro 'ZERO_SLOP_FOR_LDV_PROF'
#define ZERO_SLOP_FOR_LDV_PROF     (defined(PROFILING))
                                    ^

/Library/Frameworks/GHC.framework/Versions/8.0.2-x86_64/usr/lib/ghc-8.0.2/include/rts/storage/ClosureMacros.h:552:32: error:
     warning: macro expansion producing 'defined' has undefined behavior [-Wexpansion-to-defined]
#if ZERO_SLOP_FOR_LDV_PROF && !ZERO_SLOP_FOR_SANITY_CHECK
                               ^

/Library/Frameworks/GHC.framework/Versions/8.0.2-x86_64/usr/lib/ghc-8.0.2/include/rts/storage/ClosureMacros.h:503:37: error:
     note: expanded from macro 'ZERO_SLOP_FOR_SANITY_CHECK'
#define ZERO_SLOP_FOR_SANITY_CHECK (defined(DEBUG) && !defined(THREADED_RTS))
                                    ^

/Library/Frameworks/GHC.framework/Versions/8.0.2-x86_64/usr/lib/ghc-8.0.2/include/rts/storage/ClosureMacros.h:552:32: error:
     warning: macro expansion producing 'defined' has undefined behavior [-Wexpansion-to-defined]

/Library/Frameworks/GHC.framework/Versions/8.0.2-x86_64/usr/lib/ghc-8.0.2/include/rts/storage/ClosureMacros.h:503:56: error:
     note: expanded from macro 'ZERO_SLOP_FOR_SANITY_CHECK'
#define ZERO_SLOP_FOR_SANITY_CHECK (defined(DEBUG) && !defined(THREADED_RTS))
                                                       ^
9 warnings generated.
[ 2 of 12] Compiling Codec.BMP.Error  ( Codec/BMP/Error.hs, dist/dist-sandbox-4c142bec/build/Codec/BMP/Error.p_o )

In file included from /var/folders/d1/1c20kwb529vgk2qx2lqp2w780000gp/T/ghc17767_0/ghc_12.c:2:0: error:
    

In file included from /Library/Frameworks/GHC.framework/Versions/8.0.2-x86_64/usr/lib/ghc-8.0.2/include/Rts.h:217:0: error:
    

/Library/Frameworks/GHC.framework/Versions/8.0.2-x86_64/usr/lib/ghc-8.0.2/include/rts/storage/ClosureMacros.h:505:5: error:
     warning: macro expansion producing 'defined' has undefined behavior [-Wexpansion-to-defined]
#if ZERO_SLOP_FOR_LDV_PROF || ZERO_SLOP_FOR_SANITY_CHECK
    ^

/Library/Frameworks/GHC.framework/Versions/8.0.2-x86_64/usr/lib/ghc-8.0.2/include/rts/storage/ClosureMacros.h:502:37: error:
     note: expanded from macro 'ZERO_SLOP_FOR_LDV_PROF'
#define ZERO_SLOP_FOR_LDV_PROF     (defined(PROFILING))
                                    ^

/Library/Frameworks/GHC.framework/Versions/8.0.2-x86_64/usr/lib/ghc-8.0.2/include/rts/storage/ClosureMacros.h:505:31: error:
     warning: macro expansion producing 'defined' has undefined behavior [-Wexpansion-to-defined]
#if ZERO_SLOP_FOR_LDV_PROF || ZERO_SLOP_FOR_SANITY_CHECK
                              ^

/Library/Frameworks/GHC.framework/Versions/8.0.2-x86_64/usr/lib/ghc-8.0.2/include/rts/storage/ClosureMacros.h:503:37: error:
     note: expanded from macro 'ZERO_SLOP_FOR_SANITY_CHECK'
#define ZERO_SLOP_FOR_SANITY_CHECK (defined(DEBUG) && !defined(THREADED_RTS))
                                    ^

/Library/Frameworks/GHC.framework/Versions/8.0.2-x86_64/usr/lib/ghc-8.0.2/include/rts/storage/ClosureMacros.h:505:31: error:
     warning: macro expansion producing 'defined' has undefined behavior [-Wexpansion-to-defined]

/Library/Frameworks/GHC.framework/Versions/8.0.2-x86_64/usr/lib/ghc-8.0.2/include/rts/storage/ClosureMacros.h:503:56: error:
     note: expanded from macro 'ZERO_SLOP_FOR_SANITY_CHECK'
#define ZERO_SLOP_FOR_SANITY_CHECK (defined(DEBUG) && !defined(THREADED_RTS))
                                                       ^

/Library/Frameworks/GHC.framework/Versions/8.0.2-x86_64/usr/lib/ghc-8.0.2/include/rts/storage/ClosureMacros.h:523:5: error:
     warning: macro expansion producing 'defined' has undefined behavior [-Wexpansion-to-defined]
#if ZERO_SLOP_FOR_LDV_PROF && !ZERO_SLOP_FOR_SANITY_CHECK
    ^

/Library/Frameworks/GHC.framework/Versions/8.0.2-x86_64/usr/lib/ghc-8.0.2/include/rts/storage/ClosureMacros.h:502:37: error:
     note: expanded from macro 'ZERO_SLOP_FOR_LDV_PROF'
#define ZERO_SLOP_FOR_LDV_PROF     (defined(PROFILING))
                                    ^

/Library/Frameworks/GHC.framework/Versions/8.0.2-x86_64/usr/lib/ghc-8.0.2/include/rts/storage/ClosureMacros.h:523:32: error:
     warning: macro expansion producing 'defined' has undefined behavior [-Wexpansion-to-defined]
#if ZERO_SLOP_FOR_LDV_PROF && !ZERO_SLOP_FOR_SANITY_CHECK
                               ^

/Library/Frameworks/GHC.framework/Versions/8.0.2-x86_64/usr/lib/ghc-8.0.2/include/rts/storage/ClosureMacros.h:503:37: error:
     note: expanded from macro 'ZERO_SLOP_FOR_SANITY_CHECK'
#define ZERO_SLOP_FOR_SANITY_CHECK (defined(DEBUG) && !defined(THREADED_RTS))
                                    ^

/Library/Frameworks/GHC.framework/Versions/8.0.2-x86_64/usr/lib/ghc-8.0.2/include/rts/storage/ClosureMacros.h:523:32: error:
     warning: macro expansion producing 'defined' has undefined behavior [-Wexpansion-to-defined]

/Library/Frameworks/GHC.framework/Versions/8.0.2-x86_64/usr/lib/ghc-8.0.2/include/rts/storage/ClosureMacros.h:503:56: error:
     note: expanded from macro 'ZERO_SLOP_FOR_SANITY_CHECK'
#define ZERO_SLOP_FOR_SANITY_CHECK (defined(DEBUG) && !defined(THREADED_RTS))
                                                       ^

/Library/Frameworks/GHC.framework/Versions/8.0.2-x86_64/usr/lib/ghc-8.0.2/include/rts/storage/ClosureMacros.h:552:5: error:
     warning: macro expansion producing 'defined' has undefined behavior [-Wexpansion-to-defined]
#if ZERO_SLOP_FOR_LDV_PROF && !ZERO_SLOP_FOR_SANITY_CHECK
    ^

/Library/Frameworks/GHC.framework/Versions/8.0.2-x86_64/usr/lib/ghc-8.0.2/include/rts/storage/ClosureMacros.h:502:37: error:
     note: expanded from macro 'ZERO_SLOP_FOR_LDV_PROF'
#define ZERO_SLOP_FOR_LDV_PROF     (defined(PROFILING))
                                    ^

/Library/Frameworks/GHC.framework/Versions/8.0.2-x86_64/usr/lib/ghc-8.0.2/include/rts/storage/ClosureMacros.h:552:32: error:
     warning: macro expansion producing 'defined' has undefined behavior [-Wexpansion-to-defined]
#if ZERO_SLOP_FOR_LDV_PROF && !ZERO_SLOP_FOR_SANITY_CHECK
                               ^

/Library/Frameworks/GHC.framework/Versions/8.0.2-x86_64/usr/lib/ghc-8.0.2/include/rts/storage/ClosureMacros.h:503:37: error:
     note: expanded from macro 'ZERO_SLOP_FOR_SANITY_CHECK'
#define ZERO_SLOP_FOR_SANITY_CHECK (defined(DEBUG) && !defined(THREADED_RTS))
                                    ^

/Library/Frameworks/GHC.framework/Versions/8.0.2-x86_64/usr/lib/ghc-8.0.2/include/rts/storage/ClosureMacros.h:552:32: error:
     warning: macro expansion producing 'defined' has undefined behavior [-Wexpansion-to-defined]

/Library/Frameworks/GHC.framework/Versions/8.0.2-x86_64/usr/lib/ghc-8.0.2/include/rts/storage/ClosureMacros.h:503:56: error:
     note: expanded from macro 'ZERO_SLOP_FOR_SANITY_CHECK'
#define ZERO_SLOP_FOR_SANITY_CHECK (defined(DEBUG) && !defined(THREADED_RTS))
                                                       ^
9 warnings generated.
[ 3 of 12] Compiling Codec.BMP.CIEXYZ ( Codec/BMP/CIEXYZ.hs, dist/dist-sandbox-4c142bec/build/Codec/BMP/CIEXYZ.p_o )

In file included from /var/folders/d1/1c20kwb529vgk2qx2lqp2w780000gp/T/ghc17767_0/ghc_21.c:2:0: error:
    

In file included from /Library/Frameworks/GHC.framework/Versions/8.0.2-x86_64/usr/lib/ghc-8.0.2/include/Rts.h:217:0: error:
    

/Library/Frameworks/GHC.framework/Versions/8.0.2-x86_64/usr/lib/ghc-8.0.2/include/rts/storage/ClosureMacros.h:505:5: error:
     warning: macro expansion producing 'defined' has undefined behavior [-Wexpansion-to-defined]
#if ZERO_SLOP_FOR_LDV_PROF || ZERO_SLOP_FOR_SANITY_CHECK
    ^

/Library/Frameworks/GHC.framework/Versions/8.0.2-x86_64/usr/lib/ghc-8.0.2/include/rts/storage/ClosureMacros.h:502:37: error:
     note: expanded from macro 'ZERO_SLOP_FOR_LDV_PROF'
#define ZERO_SLOP_FOR_LDV_PROF     (defined(PROFILING))
                                    ^

/Library/Frameworks/GHC.framework/Versions/8.0.2-x86_64/usr/lib/ghc-8.0.2/include/rts/storage/ClosureMacros.h:505:31: error:
     warning: macro expansion producing 'defined' has undefined behavior [-Wexpansion-to-defined]
#if ZERO_SLOP_FOR_LDV_PROF || ZERO_SLOP_FOR_SANITY_CHECK
                              ^

/Library/Frameworks/GHC.framework/Versions/8.0.2-x86_64/usr/lib/ghc-8.0.2/include/rts/storage/ClosureMacros.h:503:37: error:
     note: expanded from macro 'ZERO_SLOP_FOR_SANITY_CHECK'
#define ZERO_SLOP_FOR_SANITY_CHECK (defined(DEBUG) && !defined(THREADED_RTS))
                                    ^

/Library/Frameworks/GHC.framework/Versions/8.0.2-x86_64/usr/lib/ghc-8.0.2/include/rts/storage/ClosureMacros.h:505:31: error:
     warning: macro expansion producing 'defined' has undefined behavior [-Wexpansion-to-defined]

/Library/Frameworks/GHC.framework/Versions/8.0.2-x86_64/usr/lib/ghc-8.0.2/include/rts/storage/ClosureMacros.h:503:56: error:
     note: expanded from macro 'ZERO_SLOP_FOR_SANITY_CHECK'
#define ZERO_SLOP_FOR_SANITY_CHECK (defined(DEBUG) && !defined(THREADED_RTS))
                                                       ^

/Library/Frameworks/GHC.framework/Versions/8.0.2-x86_64/usr/lib/ghc-8.0.2/include/rts/storage/ClosureMacros.h:523:5: error:
     warning: macro expansion producing 'defined' has undefined behavior [-Wexpansion-to-defined]
#if ZERO_SLOP_FOR_LDV_PROF && !ZERO_SLOP_FOR_SANITY_CHECK
    ^

/Library/Frameworks/GHC.framework/Versions/8.0.2-x86_64/usr/lib/ghc-8.0.2/include/rts/storage/ClosureMacros.h:502:37: error:
     note: expanded from macro 'ZERO_SLOP_FOR_LDV_PROF'
#define ZERO_SLOP_FOR_LDV_PROF     (defined(PROFILING))
                                    ^

/Library/Frameworks/GHC.framework/Versions/8.0.2-x86_64/usr/lib/ghc-8.0.2/include/rts/storage/ClosureMacros.h:523:32: error:
     warning: macro expansion producing 'defined' has undefined behavior [-Wexpansion-to-defined]
#if ZERO_SLOP_FOR_LDV_PROF && !ZERO_SLOP_FOR_SANITY_CHECK
                               ^

/Library/Frameworks/GHC.framework/Versions/8.0.2-x86_64/usr/lib/ghc-8.0.2/include/rts/storage/ClosureMacros.h:503:37: error:
     note: expanded from macro 'ZERO_SLOP_FOR_SANITY_CHECK'
#define ZERO_SLOP_FOR_SANITY_CHECK (defined(DEBUG) && !defined(THREADED_RTS))
                                    ^

/Library/Frameworks/GHC.framework/Versions/8.0.2-x86_64/usr/lib/ghc-8.0.2/include/rts/storage/ClosureMacros.h:523:32: error:
     warning: macro expansion producing 'defined' has undefined behavior [-Wexpansion-to-defined]

/Library/Frameworks/GHC.framework/Versions/8.0.2-x86_64/usr/lib/ghc-8.0.2/include/rts/storage/ClosureMacros.h:503:56: error:
     note: expanded from macro 'ZERO_SLOP_FOR_SANITY_CHECK'
#define ZERO_SLOP_FOR_SANITY_CHECK (defined(DEBUG) && !defined(THREADED_RTS))
                                                       ^

/Library/Frameworks/GHC.framework/Versions/8.0.2-x86_64/usr/lib/ghc-8.0.2/include/rts/storage/ClosureMacros.h:552:5: error:
     warning: macro expansion producing 'defined' has undefined behavior [-Wexpansion-to-defined]
#if ZERO_SLOP_FOR_LDV_PROF && !ZERO_SLOP_FOR_SANITY_CHECK
    ^

/Library/Frameworks/GHC.framework/Versions/8.0.2-x86_64/usr/lib/ghc-8.0.2/include/rts/storage/ClosureMacros.h:502:37: error:
     note: expanded from macro 'ZERO_SLOP_FOR_LDV_PROF'
#define ZERO_SLOP_FOR_LDV_PROF     (defined(PROFILING))
                                    ^

/Library/Frameworks/GHC.framework/Versions/8.0.2-x86_64/usr/lib/ghc-8.0.2/include/rts/storage/ClosureMacros.h:552:32: error:
     warning: macro expansion producing 'defined' has undefined behavior [-Wexpansion-to-defined]
#if ZERO_SLOP_FOR_LDV_PROF && !ZERO_SLOP_FOR_SANITY_CHECK
                               ^

/Library/Frameworks/GHC.framework/Versions/8.0.2-x86_64/usr/lib/ghc-8.0.2/include/rts/storage/ClosureMacros.h:503:37: error:
     note: expanded from macro 'ZERO_SLOP_FOR_SANITY_CHECK'
#define ZERO_SLOP_FOR_SANITY_CHECK (defined(DEBUG) && !defined(THREADED_RTS))
                                    ^

/Library/Frameworks/GHC.framework/Versions/8.0.2-x86_64/usr/lib/ghc-8.0.2/include/rts/storage/ClosureMacros.h:552:32: error:
     warning: macro expansion producing 'defined' has undefined behavior [-Wexpansion-to-defined]

/Library/Frameworks/GHC.framework/Versions/8.0.2-x86_64/usr/lib/ghc-8.0.2/include/rts/storage/ClosureMacros.h:503:56: error:
     note: expanded from macro 'ZERO_SLOP_FOR_SANITY_CHECK'
#define ZERO_SLOP_FOR_SANITY_CHECK (defined(DEBUG) && !defined(THREADED_RTS))
                                                       ^
9 warnings generated.
[ 4 of 12] Compiling Codec.BMP.BitmapInfoV3 ( Codec/BMP/BitmapInfoV3.hs, dist/dist-sandbox-4c142bec/build/Codec/BMP/BitmapInfoV3.p_o )

In file included from /var/folders/d1/1c20kwb529vgk2qx2lqp2w780000gp/T/ghc17767_0/ghc_30.c:2:0: error:
    

In file included from /Library/Frameworks/GHC.framework/Versions/8.0.2-x86_64/usr/lib/ghc-8.0.2/include/Rts.h:217:0: error:
    

/Library/Frameworks/GHC.framework/Versions/8.0.2-x86_64/usr/lib/ghc-8.0.2/include/rts/storage/ClosureMacros.h:505:5: error:
     warning: macro expansion producing 'defined' has undefined behavior [-Wexpansion-to-defined]
#if ZERO_SLOP_FOR_LDV_PROF || ZERO_SLOP_FOR_SANITY_CHECK
    ^

/Library/Frameworks/GHC.framework/Versions/8.0.2-x86_64/usr/lib/ghc-8.0.2/include/rts/storage/ClosureMacros.h:502:37: error:
     note: expanded from macro 'ZERO_SLOP_FOR_LDV_PROF'
#define ZERO_SLOP_FOR_LDV_PROF     (defined(PROFILING))
                                    ^

/Library/Frameworks/GHC.framework/Versions/8.0.2-x86_64/usr/lib/ghc-8.0.2/include/rts/storage/ClosureMacros.h:505:31: error:
     warning: macro expansion producing 'defined' has undefined behavior [-Wexpansion-to-defined]
#if ZERO_SLOP_FOR_LDV_PROF || ZERO_SLOP_FOR_SANITY_CHECK
                              ^

/Library/Frameworks/GHC.framework/Versions/8.0.2-x86_64/usr/lib/ghc-8.0.2/include/rts/storage/ClosureMacros.h:503:37: error:
     note: expanded from macro 'ZERO_SLOP_FOR_SANITY_CHECK'
#define ZERO_SLOP_FOR_SANITY_CHECK (defined(DEBUG) && !defined(THREADED_RTS))
                                    ^

/Library/Frameworks/GHC.framework/Versions/8.0.2-x86_64/usr/lib/ghc-8.0.2/include/rts/storage/ClosureMacros.h:505:31: error:
     warning: macro expansion producing 'defined' has undefined behavior [-Wexpansion-to-defined]

/Library/Frameworks/GHC.framework/Versions/8.0.2-x86_64/usr/lib/ghc-8.0.2/include/rts/storage/ClosureMacros.h:503:56: error:
     note: expanded from macro 'ZERO_SLOP_FOR_SANITY_CHECK'
#define ZERO_SLOP_FOR_SANITY_CHECK (defined(DEBUG) && !defined(THREADED_RTS))
                                                       ^

/Library/Frameworks/GHC.framework/Versions/8.0.2-x86_64/usr/lib/ghc-8.0.2/include/rts/storage/ClosureMacros.h:523:5: error:
     warning: macro expansion producing 'defined' has undefined behavior [-Wexpansion-to-defined]
#if ZERO_SLOP_FOR_LDV_PROF && !ZERO_SLOP_FOR_SANITY_CHECK
    ^

/Library/Frameworks/GHC.framework/Versions/8.0.2-x86_64/usr/lib/ghc-8.0.2/include/rts/storage/ClosureMacros.h:502:37: error:
     note: expanded from macro 'ZERO_SLOP_FOR_LDV_PROF'
#define ZERO_SLOP_FOR_LDV_PROF     (defined(PROFILING))
                                    ^

/Library/Frameworks/GHC.framework/Versions/8.0.2-x86_64/usr/lib/ghc-8.0.2/include/rts/storage/ClosureMacros.h:523:32: error:
     warning: macro expansion producing 'defined' has undefined behavior [-Wexpansion-to-defined]
#if ZERO_SLOP_FOR_LDV_PROF && !ZERO_SLOP_FOR_SANITY_CHECK
                               ^

/Library/Frameworks/GHC.framework/Versions/8.0.2-x86_64/usr/lib/ghc-8.0.2/include/rts/storage/ClosureMacros.h:503:37: error:
     note: expanded from macro 'ZERO_SLOP_FOR_SANITY_CHECK'
#define ZERO_SLOP_FOR_SANITY_CHECK (defined(DEBUG) && !defined(THREADED_RTS))
                                    ^

/Library/Frameworks/GHC.framework/Versions/8.0.2-x86_64/usr/lib/ghc-8.0.2/include/rts/storage/ClosureMacros.h:523:32: error:
     warning: macro expansion producing 'defined' has undefined behavior [-Wexpansion-to-defined]

/Library/Frameworks/GHC.framework/Versions/8.0.2-x86_64/usr/lib/ghc-8.0.2/include/rts/storage/ClosureMacros.h:503:56: error:
     note: expanded from macro 'ZERO_SLOP_FOR_SANITY_CHECK'
#define ZERO_SLOP_FOR_SANITY_CHECK (defined(DEBUG) && !defined(THREADED_RTS))
                                                       ^

/Library/Frameworks/GHC.framework/Versions/8.0.2-x86_64/usr/lib/ghc-8.0.2/include/rts/storage/ClosureMacros.h:552:5: error:
     warning: macro expansion producing 'defined' has undefined behavior [-Wexpansion-to-defined]
#if ZERO_SLOP_FOR_LDV_PROF && !ZERO_SLOP_FOR_SANITY_CHECK
    ^

/Library/Frameworks/GHC.framework/Versions/8.0.2-x86_64/usr/lib/ghc-8.0.2/include/rts/storage/ClosureMacros.h:502:37: error:
     note: expanded from macro 'ZERO_SLOP_FOR_LDV_PROF'
#define ZERO_SLOP_FOR_LDV_PROF     (defined(PROFILING))
                                    ^

/Library/Frameworks/GHC.framework/Versions/8.0.2-x86_64/usr/lib/ghc-8.0.2/include/rts/storage/ClosureMacros.h:552:32: error:
     warning: macro expansion producing 'defined' has undefined behavior [-Wexpansion-to-defined]
#if ZERO_SLOP_FOR_LDV_PROF && !ZERO_SLOP_FOR_SANITY_CHECK
                               ^

/Library/Frameworks/GHC.framework/Versions/8.0.2-x86_64/usr/lib/ghc-8.0.2/include/rts/storage/ClosureMacros.h:503:37: error:
     note: expanded from macro 'ZERO_SLOP_FOR_SANITY_CHECK'
#define ZERO_SLOP_FOR_SANITY_CHECK (defined(DEBUG) && !defined(THREADED_RTS))
                                    ^

/Library/Frameworks/GHC.framework/Versions/8.0.2-x86_64/usr/lib/ghc-8.0.2/include/rts/storage/ClosureMacros.h:552:32: error:
     warning: macro expansion producing 'defined' has undefined behavior [-Wexpansion-to-defined]

/Library/Frameworks/GHC.framework/Versions/8.0.2-x86_64/usr/lib/ghc-8.0.2/include/rts/storage/ClosureMacros.h:503:56: error:
     note: expanded from macro 'ZERO_SLOP_FOR_SANITY_CHECK'
#define ZERO_SLOP_FOR_SANITY_CHECK (defined(DEBUG) && !defined(THREADED_RTS))
                                                       ^
9 warnings generated.
[ 5 of 12] Compiling Codec.BMP.BitmapInfoV4 ( Codec/BMP/BitmapInfoV4.hs, dist/dist-sandbox-4c142bec/build/Codec/BMP/BitmapInfoV4.p_o )

In file included from /var/folders/d1/1c20kwb529vgk2qx2lqp2w780000gp/T/ghc17767_0/ghc_39.c:2:0: error:
    

In file included from /Library/Frameworks/GHC.framework/Versions/8.0.2-x86_64/usr/lib/ghc-8.0.2/include/Rts.h:217:0: error:
    

/Library/Frameworks/GHC.framework/Versions/8.0.2-x86_64/usr/lib/ghc-8.0.2/include/rts/storage/ClosureMacros.h:505:5: error:
     warning: macro expansion producing 'defined' has undefined behavior [-Wexpansion-to-defined]
#if ZERO_SLOP_FOR_LDV_PROF || ZERO_SLOP_FOR_SANITY_CHECK
    ^

/Library/Frameworks/GHC.framework/Versions/8.0.2-x86_64/usr/lib/ghc-8.0.2/include/rts/storage/ClosureMacros.h:502:37: error:
     note: expanded from macro 'ZERO_SLOP_FOR_LDV_PROF'
#define ZERO_SLOP_FOR_LDV_PROF     (defined(PROFILING))
                                    ^

/Library/Frameworks/GHC.framework/Versions/8.0.2-x86_64/usr/lib/ghc-8.0.2/include/rts/storage/ClosureMacros.h:505:31: error:
     warning: macro expansion producing 'defined' has undefined behavior [-Wexpansion-to-defined]
#if ZERO_SLOP_FOR_LDV_PROF || ZERO_SLOP_FOR_SANITY_CHECK
                              ^

/Library/Frameworks/GHC.framework/Versions/8.0.2-x86_64/usr/lib/ghc-8.0.2/include/rts/storage/ClosureMacros.h:503:37: error:
     note: expanded from macro 'ZERO_SLOP_FOR_SANITY_CHECK'
#define ZERO_SLOP_FOR_SANITY_CHECK (defined(DEBUG) && !defined(THREADED_RTS))
                                    ^

/Library/Frameworks/GHC.framework/Versions/8.0.2-x86_64/usr/lib/ghc-8.0.2/include/rts/storage/ClosureMacros.h:505:31: error:
     warning: macro expansion producing 'defined' has undefined behavior [-Wexpansion-to-defined]

/Library/Frameworks/GHC.framework/Versions/8.0.2-x86_64/usr/lib/ghc-8.0.2/include/rts/storage/ClosureMacros.h:503:56: error:
     note: expanded from macro 'ZERO_SLOP_FOR_SANITY_CHECK'
#define ZERO_SLOP_FOR_SANITY_CHECK (defined(DEBUG) && !defined(THREADED_RTS))
                                                       ^

/Library/Frameworks/GHC.framework/Versions/8.0.2-x86_64/usr/lib/ghc-8.0.2/include/rts/storage/ClosureMacros.h:523:5: error:
     warning: macro expansion producing 'defined' has undefined behavior [-Wexpansion-to-defined]
#if ZERO_SLOP_FOR_LDV_PROF && !ZERO_SLOP_FOR_SANITY_CHECK
    ^

/Library/Frameworks/GHC.framework/Versions/8.0.2-x86_64/usr/lib/ghc-8.0.2/include/rts/storage/ClosureMacros.h:502:37: error:
     note: expanded from macro 'ZERO_SLOP_FOR_LDV_PROF'
#define ZERO_SLOP_FOR_LDV_PROF     (defined(PROFILING))
                                    ^

/Library/Frameworks/GHC.framework/Versions/8.0.2-x86_64/usr/lib/ghc-8.0.2/include/rts/storage/ClosureMacros.h:523:32: error:
     warning: macro expansion producing 'defined' has undefined behavior [-Wexpansion-to-defined]
#if ZERO_SLOP_FOR_LDV_PROF && !ZERO_SLOP_FOR_SANITY_CHECK
                               ^

/Library/Frameworks/GHC.framework/Versions/8.0.2-x86_64/usr/lib/ghc-8.0.2/include/rts/storage/ClosureMacros.h:503:37: error:
     note: expanded from macro 'ZERO_SLOP_FOR_SANITY_CHECK'
#define ZERO_SLOP_FOR_SANITY_CHECK (defined(DEBUG) && !defined(THREADED_RTS))
                                    ^

/Library/Frameworks/GHC.framework/Versions/8.0.2-x86_64/usr/lib/ghc-8.0.2/include/rts/storage/ClosureMacros.h:523:32: error:
     warning: macro expansion producing 'defined' has undefined behavior [-Wexpansion-to-defined]

/Library/Frameworks/GHC.framework/Versions/8.0.2-x86_64/usr/lib/ghc-8.0.2/include/rts/storage/ClosureMacros.h:503:56: error:
     note: expanded from macro 'ZERO_SLOP_FOR_SANITY_CHECK'
#define ZERO_SLOP_FOR_SANITY_CHECK (defined(DEBUG) && !defined(THREADED_RTS))
                                                       ^

/Library/Frameworks/GHC.framework/Versions/8.0.2-x86_64/usr/lib/ghc-8.0.2/include/rts/storage/ClosureMacros.h:552:5: error:
     warning: macro expansion producing 'defined' has undefined behavior [-Wexpansion-to-defined]
#if ZERO_SLOP_FOR_LDV_PROF && !ZERO_SLOP_FOR_SANITY_CHECK
    ^

/Library/Frameworks/GHC.framework/Versions/8.0.2-x86_64/usr/lib/ghc-8.0.2/include/rts/storage/ClosureMacros.h:502:37: error:
     note: expanded from macro 'ZERO_SLOP_FOR_LDV_PROF'
#define ZERO_SLOP_FOR_LDV_PROF     (defined(PROFILING))
                                    ^

/Library/Frameworks/GHC.framework/Versions/8.0.2-x86_64/usr/lib/ghc-8.0.2/include/rts/storage/ClosureMacros.h:552:32: error:
     warning: macro expansion producing 'defined' has undefined behavior [-Wexpansion-to-defined]
#if ZERO_SLOP_FOR_LDV_PROF && !ZERO_SLOP_FOR_SANITY_CHECK
                               ^

/Library/Frameworks/GHC.framework/Versions/8.0.2-x86_64/usr/lib/ghc-8.0.2/include/rts/storage/ClosureMacros.h:503:37: error:
     note: expanded from macro 'ZERO_SLOP_FOR_SANITY_CHECK'
#define ZERO_SLOP_FOR_SANITY_CHECK (defined(DEBUG) && !defined(THREADED_RTS))
                                    ^

/Library/Frameworks/GHC.framework/Versions/8.0.2-x86_64/usr/lib/ghc-8.0.2/include/rts/storage/ClosureMacros.h:552:32: error:
     warning: macro expansion producing 'defined' has undefined behavior [-Wexpansion-to-defined]

/Library/Frameworks/GHC.framework/Versions/8.0.2-x86_64/usr/lib/ghc-8.0.2/include/rts/storage/ClosureMacros.h:503:56: error:
     note: expanded from macro 'ZERO_SLOP_FOR_SANITY_CHECK'
#define ZERO_SLOP_FOR_SANITY_CHECK (defined(DEBUG) && !defined(THREADED_RTS))
                                                       ^
9 warnings generated.
[ 6 of 12] Compiling Codec.BMP.BitmapInfoV5 ( Codec/BMP/BitmapInfoV5.hs, dist/dist-sandbox-4c142bec/build/Codec/BMP/BitmapInfoV5.p_o )

In file included from /var/folders/d1/1c20kwb529vgk2qx2lqp2w780000gp/T/ghc17767_0/ghc_48.c:2:0: error:
    

In file included from /Library/Frameworks/GHC.framework/Versions/8.0.2-x86_64/usr/lib/ghc-8.0.2/include/Rts.h:217:0: error:
    

/Library/Frameworks/GHC.framework/Versions/8.0.2-x86_64/usr/lib/ghc-8.0.2/include/rts/storage/ClosureMacros.h:505:5: error:
     warning: macro expansion producing 'defined' has undefined behavior [-Wexpansion-to-defined]
#if ZERO_SLOP_FOR_LDV_PROF || ZERO_SLOP_FOR_SANITY_CHECK
    ^

/Library/Frameworks/GHC.framework/Versions/8.0.2-x86_64/usr/lib/ghc-8.0.2/include/rts/storage/ClosureMacros.h:502:37: error:
     note: expanded from macro 'ZERO_SLOP_FOR_LDV_PROF'
#define ZERO_SLOP_FOR_LDV_PROF     (defined(PROFILING))
                                    ^

/Library/Frameworks/GHC.framework/Versions/8.0.2-x86_64/usr/lib/ghc-8.0.2/include/rts/storage/ClosureMacros.h:505:31: error:
     warning: macro expansion producing 'defined' has undefined behavior [-Wexpansion-to-defined]
#if ZERO_SLOP_FOR_LDV_PROF || ZERO_SLOP_FOR_SANITY_CHECK
                              ^

/Library/Frameworks/GHC.framework/Versions/8.0.2-x86_64/usr/lib/ghc-8.0.2/include/rts/storage/ClosureMacros.h:503:37: error:
     note: expanded from macro 'ZERO_SLOP_FOR_SANITY_CHECK'
#define ZERO_SLOP_FOR_SANITY_CHECK (defined(DEBUG) && !defined(THREADED_RTS))
                                    ^

/Library/Frameworks/GHC.framework/Versions/8.0.2-x86_64/usr/lib/ghc-8.0.2/include/rts/storage/ClosureMacros.h:505:31: error:
     warning: macro expansion producing 'defined' has undefined behavior [-Wexpansion-to-defined]

/Library/Frameworks/GHC.framework/Versions/8.0.2-x86_64/usr/lib/ghc-8.0.2/include/rts/storage/ClosureMacros.h:503:56: error:
     note: expanded from macro 'ZERO_SLOP_FOR_SANITY_CHECK'
#define ZERO_SLOP_FOR_SANITY_CHECK (defined(DEBUG) && !defined(THREADED_RTS))
                                                       ^

/Library/Frameworks/GHC.framework/Versions/8.0.2-x86_64/usr/lib/ghc-8.0.2/include/rts/storage/ClosureMacros.h:523:5: error:
     warning: macro expansion producing 'defined' has undefined behavior [-Wexpansion-to-defined]
#if ZERO_SLOP_FOR_LDV_PROF && !ZERO_SLOP_FOR_SANITY_CHECK
    ^

/Library/Frameworks/GHC.framework/Versions/8.0.2-x86_64/usr/lib/ghc-8.0.2/include/rts/storage/ClosureMacros.h:502:37: error:
     note: expanded from macro 'ZERO_SLOP_FOR_LDV_PROF'
#define ZERO_SLOP_FOR_LDV_PROF     (defined(PROFILING))
                                    ^

/Library/Frameworks/GHC.framework/Versions/8.0.2-x86_64/usr/lib/ghc-8.0.2/include/rts/storage/ClosureMacros.h:523:32: error:
     warning: macro expansion producing 'defined' has undefined behavior [-Wexpansion-to-defined]
#if ZERO_SLOP_FOR_LDV_PROF && !ZERO_SLOP_FOR_SANITY_CHECK
                               ^

/Library/Frameworks/GHC.framework/Versions/8.0.2-x86_64/usr/lib/ghc-8.0.2/include/rts/storage/ClosureMacros.h:503:37: error:
     note: expanded from macro 'ZERO_SLOP_FOR_SANITY_CHECK'
#define ZERO_SLOP_FOR_SANITY_CHECK (defined(DEBUG) && !defined(THREADED_RTS))
                                    ^

/Library/Frameworks/GHC.framework/Versions/8.0.2-x86_64/usr/lib/ghc-8.0.2/include/rts/storage/ClosureMacros.h:523:32: error:
     warning: macro expansion producing 'defined' has undefined behavior [-Wexpansion-to-defined]

/Library/Frameworks/GHC.framework/Versions/8.0.2-x86_64/usr/lib/ghc-8.0.2/include/rts/storage/ClosureMacros.h:503:56: error:
     note: expanded from macro 'ZERO_SLOP_FOR_SANITY_CHECK'
#define ZERO_SLOP_FOR_SANITY_CHECK (defined(DEBUG) && !defined(THREADED_RTS))
                                                       ^

/Library/Frameworks/GHC.framework/Versions/8.0.2-x86_64/usr/lib/ghc-8.0.2/include/rts/storage/ClosureMacros.h:552:5: error:
     warning: macro expansion producing 'defined' has undefined behavior [-Wexpansion-to-defined]
#if ZERO_SLOP_FOR_LDV_PROF && !ZERO_SLOP_FOR_SANITY_CHECK
    ^

/Library/Frameworks/GHC.framework/Versions/8.0.2-x86_64/usr/lib/ghc-8.0.2/include/rts/storage/ClosureMacros.h:502:37: error:
     note: expanded from macro 'ZERO_SLOP_FOR_LDV_PROF'
#define ZERO_SLOP_FOR_LDV_PROF     (defined(PROFILING))
                                    ^

/Library/Frameworks/GHC.framework/Versions/8.0.2-x86_64/usr/lib/ghc-8.0.2/include/rts/storage/ClosureMacros.h:552:32: error:
     warning: macro expansion producing 'defined' has undefined behavior [-Wexpansion-to-defined]
#if ZERO_SLOP_FOR_LDV_PROF && !ZERO_SLOP_FOR_SANITY_CHECK
                               ^

/Library/Frameworks/GHC.framework/Versions/8.0.2-x86_64/usr/lib/ghc-8.0.2/include/rts/storage/ClosureMacros.h:503:37: error:
     note: expanded from macro 'ZERO_SLOP_FOR_SANITY_CHECK'
#define ZERO_SLOP_FOR_SANITY_CHECK (defined(DEBUG) && !defined(THREADED_RTS))
                                    ^

/Library/Frameworks/GHC.framework/Versions/8.0.2-x86_64/usr/lib/ghc-8.0.2/include/rts/storage/ClosureMacros.h:552:32: error:
     warning: macro expansion producing 'defined' has undefined behavior [-Wexpansion-to-defined]

/Library/Frameworks/GHC.framework/Versions/8.0.2-x86_64/usr/lib/ghc-8.0.2/include/rts/storage/ClosureMacros.h:503:56: error:
     note: expanded from macro 'ZERO_SLOP_FOR_SANITY_CHECK'
#define ZERO_SLOP_FOR_SANITY_CHECK (defined(DEBUG) && !defined(THREADED_RTS))
                                                       ^
9 warnings generated.
[ 7 of 12] Compiling Codec.BMP.FileHeader ( Codec/BMP/FileHeader.hs, dist/dist-sandbox-4c142bec/build/Codec/BMP/FileHeader.p_o )

In file included from /var/folders/d1/1c20kwb529vgk2qx2lqp2w780000gp/T/ghc17767_0/ghc_57.c:2:0: error:
    

In file included from /Library/Frameworks/GHC.framework/Versions/8.0.2-x86_64/usr/lib/ghc-8.0.2/include/Rts.h:217:0: error:
    

/Library/Frameworks/GHC.framework/Versions/8.0.2-x86_64/usr/lib/ghc-8.0.2/include/rts/storage/ClosureMacros.h:505:5: error:
     warning: macro expansion producing 'defined' has undefined behavior [-Wexpansion-to-defined]
#if ZERO_SLOP_FOR_LDV_PROF || ZERO_SLOP_FOR_SANITY_CHECK
    ^

/Library/Frameworks/GHC.framework/Versions/8.0.2-x86_64/usr/lib/ghc-8.0.2/include/rts/storage/ClosureMacros.h:502:37: error:
     note: expanded from macro 'ZERO_SLOP_FOR_LDV_PROF'
#define ZERO_SLOP_FOR_LDV_PROF     (defined(PROFILING))
                                    ^

/Library/Frameworks/GHC.framework/Versions/8.0.2-x86_64/usr/lib/ghc-8.0.2/include/rts/storage/ClosureMacros.h:505:31: error:
     warning: macro expansion producing 'defined' has undefined behavior [-Wexpansion-to-defined]
#if ZERO_SLOP_FOR_LDV_PROF || ZERO_SLOP_FOR_SANITY_CHECK
                              ^

/Library/Frameworks/GHC.framework/Versions/8.0.2-x86_64/usr/lib/ghc-8.0.2/include/rts/storage/ClosureMacros.h:503:37: error:
     note: expanded from macro 'ZERO_SLOP_FOR_SANITY_CHECK'
#define ZERO_SLOP_FOR_SANITY_CHECK (defined(DEBUG) && !defined(THREADED_RTS))
                                    ^

/Library/Frameworks/GHC.framework/Versions/8.0.2-x86_64/usr/lib/ghc-8.0.2/include/rts/storage/ClosureMacros.h:505:31: error:
     warning: macro expansion producing 'defined' has undefined behavior [-Wexpansion-to-defined]

/Library/Frameworks/GHC.framework/Versions/8.0.2-x86_64/usr/lib/ghc-8.0.2/include/rts/storage/ClosureMacros.h:503:56: error:
     note: expanded from macro 'ZERO_SLOP_FOR_SANITY_CHECK'
#define ZERO_SLOP_FOR_SANITY_CHECK (defined(DEBUG) && !defined(THREADED_RTS))
                                                       ^

/Library/Frameworks/GHC.framework/Versions/8.0.2-x86_64/usr/lib/ghc-8.0.2/include/rts/storage/ClosureMacros.h:523:5: error:
     warning: macro expansion producing 'defined' has undefined behavior [-Wexpansion-to-defined]
#if ZERO_SLOP_FOR_LDV_PROF && !ZERO_SLOP_FOR_SANITY_CHECK
    ^

/Library/Frameworks/GHC.framework/Versions/8.0.2-x86_64/usr/lib/ghc-8.0.2/include/rts/storage/ClosureMacros.h:502:37: error:
     note: expanded from macro 'ZERO_SLOP_FOR_LDV_PROF'
#define ZERO_SLOP_FOR_LDV_PROF     (defined(PROFILING))
                                    ^

/Library/Frameworks/GHC.framework/Versions/8.0.2-x86_64/usr/lib/ghc-8.0.2/include/rts/storage/ClosureMacros.h:523:32: error:
     warning: macro expansion producing 'defined' has undefined behavior [-Wexpansion-to-defined]
#if ZERO_SLOP_FOR_LDV_PROF && !ZERO_SLOP_FOR_SANITY_CHECK
                               ^

/Library/Frameworks/GHC.framework/Versions/8.0.2-x86_64/usr/lib/ghc-8.0.2/include/rts/storage/ClosureMacros.h:503:37: error:
     note: expanded from macro 'ZERO_SLOP_FOR_SANITY_CHECK'
#define ZERO_SLOP_FOR_SANITY_CHECK (defined(DEBUG) && !defined(THREADED_RTS))
                                    ^

/Library/Frameworks/GHC.framework/Versions/8.0.2-x86_64/usr/lib/ghc-8.0.2/include/rts/storage/ClosureMacros.h:523:32: error:
     warning: macro expansion producing 'defined' has undefined behavior [-Wexpansion-to-defined]

/Library/Frameworks/GHC.framework/Versions/8.0.2-x86_64/usr/lib/ghc-8.0.2/include/rts/storage/ClosureMacros.h:503:56: error:
     note: expanded from macro 'ZERO_SLOP_FOR_SANITY_CHECK'
#define ZERO_SLOP_FOR_SANITY_CHECK (defined(DEBUG) && !defined(THREADED_RTS))
                                                       ^

/Library/Frameworks/GHC.framework/Versions/8.0.2-x86_64/usr/lib/ghc-8.0.2/include/rts/storage/ClosureMacros.h:552:5: error:
     warning: macro expansion producing 'defined' has undefined behavior [-Wexpansion-to-defined]
#if ZERO_SLOP_FOR_LDV_PROF && !ZERO_SLOP_FOR_SANITY_CHECK
    ^

/Library/Frameworks/GHC.framework/Versions/8.0.2-x86_64/usr/lib/ghc-8.0.2/include/rts/storage/ClosureMacros.h:502:37: error:
     note: expanded from macro 'ZERO_SLOP_FOR_LDV_PROF'
#define ZERO_SLOP_FOR_LDV_PROF     (defined(PROFILING))
                                    ^

/Library/Frameworks/GHC.framework/Versions/8.0.2-x86_64/usr/lib/ghc-8.0.2/include/rts/storage/ClosureMacros.h:552:32: error:
     warning: macro expansion producing 'defined' has undefined behavior [-Wexpansion-to-defined]
#if ZERO_SLOP_FOR_LDV_PROF && !ZERO_SLOP_FOR_SANITY_CHECK
                               ^

/Library/Frameworks/GHC.framework/Versions/8.0.2-x86_64/usr/lib/ghc-8.0.2/include/rts/storage/ClosureMacros.h:503:37: error:
     note: expanded from macro 'ZERO_SLOP_FOR_SANITY_CHECK'
#define ZERO_SLOP_FOR_SANITY_CHECK (defined(DEBUG) && !defined(THREADED_RTS))
                                    ^

/Library/Frameworks/GHC.framework/Versions/8.0.2-x86_64/usr/lib/ghc-8.0.2/include/rts/storage/ClosureMacros.h:552:32: error:
     warning: macro expansion producing 'defined' has undefined behavior [-Wexpansion-to-defined]

/Library/Frameworks/GHC.framework/Versions/8.0.2-x86_64/usr/lib/ghc-8.0.2/include/rts/storage/ClosureMacros.h:503:56: error:
     note: expanded from macro 'ZERO_SLOP_FOR_SANITY_CHECK'
#define ZERO_SLOP_FOR_SANITY_CHECK (defined(DEBUG) && !defined(THREADED_RTS))
                                                       ^
9 warnings generated.
[ 8 of 12] Compiling Codec.BMP.BitmapInfo ( Codec/BMP/BitmapInfo.hs, dist/dist-sandbox-4c142bec/build/Codec/BMP/BitmapInfo.p_o )

In file included from /var/folders/d1/1c20kwb529vgk2qx2lqp2w780000gp/T/ghc17767_0/ghc_66.c:2:0: error:
    

In file included from /Library/Frameworks/GHC.framework/Versions/8.0.2-x86_64/usr/lib/ghc-8.0.2/include/Rts.h:217:0: error:
    

/Library/Frameworks/GHC.framework/Versions/8.0.2-x86_64/usr/lib/ghc-8.0.2/include/rts/storage/ClosureMacros.h:505:5: error:
     warning: macro expansion producing 'defined' has undefined behavior [-Wexpansion-to-defined]
#if ZERO_SLOP_FOR_LDV_PROF || ZERO_SLOP_FOR_SANITY_CHECK
    ^

/Library/Frameworks/GHC.framework/Versions/8.0.2-x86_64/usr/lib/ghc-8.0.2/include/rts/storage/ClosureMacros.h:502:37: error:
     note: expanded from macro 'ZERO_SLOP_FOR_LDV_PROF'
#define ZERO_SLOP_FOR_LDV_PROF     (defined(PROFILING))
                                    ^

/Library/Frameworks/GHC.framework/Versions/8.0.2-x86_64/usr/lib/ghc-8.0.2/include/rts/storage/ClosureMacros.h:505:31: error:
     warning: macro expansion producing 'defined' has undefined behavior [-Wexpansion-to-defined]
#if ZERO_SLOP_FOR_LDV_PROF || ZERO_SLOP_FOR_SANITY_CHECK
                              ^

/Library/Frameworks/GHC.framework/Versions/8.0.2-x86_64/usr/lib/ghc-8.0.2/include/rts/storage/ClosureMacros.h:503:37: error:
     note: expanded from macro 'ZERO_SLOP_FOR_SANITY_CHECK'
#define ZERO_SLOP_FOR_SANITY_CHECK (defined(DEBUG) && !defined(THREADED_RTS))
                                    ^

/Library/Frameworks/GHC.framework/Versions/8.0.2-x86_64/usr/lib/ghc-8.0.2/include/rts/storage/ClosureMacros.h:505:31: error:
     warning: macro expansion producing 'defined' has undefined behavior [-Wexpansion-to-defined]

/Library/Frameworks/GHC.framework/Versions/8.0.2-x86_64/usr/lib/ghc-8.0.2/include/rts/storage/ClosureMacros.h:503:56: error:
     note: expanded from macro 'ZERO_SLOP_FOR_SANITY_CHECK'
#define ZERO_SLOP_FOR_SANITY_CHECK (defined(DEBUG) && !defined(THREADED_RTS))
                                                       ^

/Library/Frameworks/GHC.framework/Versions/8.0.2-x86_64/usr/lib/ghc-8.0.2/include/rts/storage/ClosureMacros.h:523:5: error:
     warning: macro expansion producing 'defined' has undefined behavior [-Wexpansion-to-defined]
#if ZERO_SLOP_FOR_LDV_PROF && !ZERO_SLOP_FOR_SANITY_CHECK
    ^

/Library/Frameworks/GHC.framework/Versions/8.0.2-x86_64/usr/lib/ghc-8.0.2/include/rts/storage/ClosureMacros.h:502:37: error:
     note: expanded from macro 'ZERO_SLOP_FOR_LDV_PROF'
#define ZERO_SLOP_FOR_LDV_PROF     (defined(PROFILING))
                                    ^

/Library/Frameworks/GHC.framework/Versions/8.0.2-x86_64/usr/lib/ghc-8.0.2/include/rts/storage/ClosureMacros.h:523:32: error:
     warning: macro expansion producing 'defined' has undefined behavior [-Wexpansion-to-defined]
#if ZERO_SLOP_FOR_LDV_PROF && !ZERO_SLOP_FOR_SANITY_CHECK
                               ^

/Library/Frameworks/GHC.framework/Versions/8.0.2-x86_64/usr/lib/ghc-8.0.2/include/rts/storage/ClosureMacros.h:503:37: error:
     note: expanded from macro 'ZERO_SLOP_FOR_SANITY_CHECK'
#define ZERO_SLOP_FOR_SANITY_CHECK (defined(DEBUG) && !defined(THREADED_RTS))
                                    ^

/Library/Frameworks/GHC.framework/Versions/8.0.2-x86_64/usr/lib/ghc-8.0.2/include/rts/storage/ClosureMacros.h:523:32: error:
     warning: macro expansion producing 'defined' has undefined behavior [-Wexpansion-to-defined]

/Library/Frameworks/GHC.framework/Versions/8.0.2-x86_64/usr/lib/ghc-8.0.2/include/rts/storage/ClosureMacros.h:503:56: error:
     note: expanded from macro 'ZERO_SLOP_FOR_SANITY_CHECK'
#define ZERO_SLOP_FOR_SANITY_CHECK (defined(DEBUG) && !defined(THREADED_RTS))
                                                       ^

/Library/Frameworks/GHC.framework/Versions/8.0.2-x86_64/usr/lib/ghc-8.0.2/include/rts/storage/ClosureMacros.h:552:5: error:
     warning: macro expansion producing 'defined' has undefined behavior [-Wexpansion-to-defined]
#if ZERO_SLOP_FOR_LDV_PROF && !ZERO_SLOP_FOR_SANITY_CHECK
    ^

/Library/Frameworks/GHC.framework/Versions/8.0.2-x86_64/usr/lib/ghc-8.0.2/include/rts/storage/ClosureMacros.h:502:37: error:
     note: expanded from macro 'ZERO_SLOP_FOR_LDV_PROF'
#define ZERO_SLOP_FOR_LDV_PROF     (defined(PROFILING))
                                    ^

/Library/Frameworks/GHC.framework/Versions/8.0.2-x86_64/usr/lib/ghc-8.0.2/include/rts/storage/ClosureMacros.h:552:32: error:
     warning: macro expansion producing 'defined' has undefined behavior [-Wexpansion-to-defined]
#if ZERO_SLOP_FOR_LDV_PROF && !ZERO_SLOP_FOR_SANITY_CHECK
                               ^

/Library/Frameworks/GHC.framework/Versions/8.0.2-x86_64/usr/lib/ghc-8.0.2/include/rts/storage/ClosureMacros.h:503:37: error:
     note: expanded from macro 'ZERO_SLOP_FOR_SANITY_CHECK'
#define ZERO_SLOP_FOR_SANITY_CHECK (defined(DEBUG) && !defined(THREADED_RTS))
                                    ^

/Library/Frameworks/GHC.framework/Versions/8.0.2-x86_64/usr/lib/ghc-8.0.2/include/rts/storage/ClosureMacros.h:552:32: error:
     warning: macro expansion producing 'defined' has undefined behavior [-Wexpansion-to-defined]

/Library/Frameworks/GHC.framework/Versions/8.0.2-x86_64/usr/lib/ghc-8.0.2/include/rts/storage/ClosureMacros.h:503:56: error:
     note: expanded from macro 'ZERO_SLOP_FOR_SANITY_CHECK'
#define ZERO_SLOP_FOR_SANITY_CHECK (defined(DEBUG) && !defined(THREADED_RTS))
                                                       ^
9 warnings generated.
[ 9 of 12] Compiling Codec.BMP.Base   ( Codec/BMP/Base.hs, dist/dist-sandbox-4c142bec/build/Codec/BMP/Base.p_o )

In file included from /var/folders/d1/1c20kwb529vgk2qx2lqp2w780000gp/T/ghc17767_0/ghc_75.c:2:0: error:
    

In file included from /Library/Frameworks/GHC.framework/Versions/8.0.2-x86_64/usr/lib/ghc-8.0.2/include/Rts.h:217:0: error:
    

/Library/Frameworks/GHC.framework/Versions/8.0.2-x86_64/usr/lib/ghc-8.0.2/include/rts/storage/ClosureMacros.h:505:5: error:
     warning: macro expansion producing 'defined' has undefined behavior [-Wexpansion-to-defined]
#if ZERO_SLOP_FOR_LDV_PROF || ZERO_SLOP_FOR_SANITY_CHECK
    ^

/Library/Frameworks/GHC.framework/Versions/8.0.2-x86_64/usr/lib/ghc-8.0.2/include/rts/storage/ClosureMacros.h:502:37: error:
     note: expanded from macro 'ZERO_SLOP_FOR_LDV_PROF'
#define ZERO_SLOP_FOR_LDV_PROF     (defined(PROFILING))
                                    ^

/Library/Frameworks/GHC.framework/Versions/8.0.2-x86_64/usr/lib/ghc-8.0.2/include/rts/storage/ClosureMacros.h:505:31: error:
     warning: macro expansion producing 'defined' has undefined behavior [-Wexpansion-to-defined]
#if ZERO_SLOP_FOR_LDV_PROF || ZERO_SLOP_FOR_SANITY_CHECK
                              ^

/Library/Frameworks/GHC.framework/Versions/8.0.2-x86_64/usr/lib/ghc-8.0.2/include/rts/storage/ClosureMacros.h:503:37: error:
     note: expanded from macro 'ZERO_SLOP_FOR_SANITY_CHECK'
#define ZERO_SLOP_FOR_SANITY_CHECK (defined(DEBUG) && !defined(THREADED_RTS))
                                    ^

/Library/Frameworks/GHC.framework/Versions/8.0.2-x86_64/usr/lib/ghc-8.0.2/include/rts/storage/ClosureMacros.h:505:31: error:
     warning: macro expansion producing 'defined' has undefined behavior [-Wexpansion-to-defined]

/Library/Frameworks/GHC.framework/Versions/8.0.2-x86_64/usr/lib/ghc-8.0.2/include/rts/storage/ClosureMacros.h:503:56: error:
     note: expanded from macro 'ZERO_SLOP_FOR_SANITY_CHECK'
#define ZERO_SLOP_FOR_SANITY_CHECK (defined(DEBUG) && !defined(THREADED_RTS))
                                                       ^

/Library/Frameworks/GHC.framework/Versions/8.0.2-x86_64/usr/lib/ghc-8.0.2/include/rts/storage/ClosureMacros.h:523:5: error:
     warning: macro expansion producing 'defined' has undefined behavior [-Wexpansion-to-defined]
#if ZERO_SLOP_FOR_LDV_PROF && !ZERO_SLOP_FOR_SANITY_CHECK
    ^

/Library/Frameworks/GHC.framework/Versions/8.0.2-x86_64/usr/lib/ghc-8.0.2/include/rts/storage/ClosureMacros.h:502:37: error:
     note: expanded from macro 'ZERO_SLOP_FOR_LDV_PROF'
#define ZERO_SLOP_FOR_LDV_PROF     (defined(PROFILING))
                                    ^

/Library/Frameworks/GHC.framework/Versions/8.0.2-x86_64/usr/lib/ghc-8.0.2/include/rts/storage/ClosureMacros.h:523:32: error:
     warning: macro expansion producing 'defined' has undefined behavior [-Wexpansion-to-defined]
#if ZERO_SLOP_FOR_LDV_PROF && !ZERO_SLOP_FOR_SANITY_CHECK
                               ^

/Library/Frameworks/GHC.framework/Versions/8.0.2-x86_64/usr/lib/ghc-8.0.2/include/rts/storage/ClosureMacros.h:503:37: error:
     note: expanded from macro 'ZERO_SLOP_FOR_SANITY_CHECK'
#define ZERO_SLOP_FOR_SANITY_CHECK (defined(DEBUG) && !defined(THREADED_RTS))
                                    ^

/Library/Frameworks/GHC.framework/Versions/8.0.2-x86_64/usr/lib/ghc-8.0.2/include/rts/storage/ClosureMacros.h:523:32: error:
     warning: macro expansion producing 'defined' has undefined behavior [-Wexpansion-to-defined]

/Library/Frameworks/GHC.framework/Versions/8.0.2-x86_64/usr/lib/ghc-8.0.2/include/rts/storage/ClosureMacros.h:503:56: error:
     note: expanded from macro 'ZERO_SLOP_FOR_SANITY_CHECK'
#define ZERO_SLOP_FOR_SANITY_CHECK (defined(DEBUG) && !defined(THREADED_RTS))
                                                       ^

/Library/Frameworks/GHC.framework/Versions/8.0.2-x86_64/usr/lib/ghc-8.0.2/include/rts/storage/ClosureMacros.h:552:5: error:
     warning: macro expansion producing 'defined' has undefined behavior [-Wexpansion-to-defined]
#if ZERO_SLOP_FOR_LDV_PROF && !ZERO_SLOP_FOR_SANITY_CHECK
    ^

/Library/Frameworks/GHC.framework/Versions/8.0.2-x86_64/usr/lib/ghc-8.0.2/include/rts/storage/ClosureMacros.h:502:37: error:
     note: expanded from macro 'ZERO_SLOP_FOR_LDV_PROF'
#define ZERO_SLOP_FOR_LDV_PROF     (defined(PROFILING))
                                    ^

/Library/Frameworks/GHC.framework/Versions/8.0.2-x86_64/usr/lib/ghc-8.0.2/include/rts/storage/ClosureMacros.h:552:32: error:
     warning: macro expansion producing 'defined' has undefined behavior [-Wexpansion-to-defined]
#if ZERO_SLOP_FOR_LDV_PROF && !ZERO_SLOP_FOR_SANITY_CHECK
                               ^

/Library/Frameworks/GHC.framework/Versions/8.0.2-x86_64/usr/lib/ghc-8.0.2/include/rts/storage/ClosureMacros.h:503:37: error:
     note: expanded from macro 'ZERO_SLOP_FOR_SANITY_CHECK'
#define ZERO_SLOP_FOR_SANITY_CHECK (defined(DEBUG) && !defined(THREADED_RTS))
                                    ^

/Library/Frameworks/GHC.framework/Versions/8.0.2-x86_64/usr/lib/ghc-8.0.2/include/rts/storage/ClosureMacros.h:552:32: error:
     warning: macro expansion producing 'defined' has undefined behavior [-Wexpansion-to-defined]

/Library/Frameworks/GHC.framework/Versions/8.0.2-x86_64/usr/lib/ghc-8.0.2/include/rts/storage/ClosureMacros.h:503:56: error:
     note: expanded from macro 'ZERO_SLOP_FOR_SANITY_CHECK'
#define ZERO_SLOP_FOR_SANITY_CHECK (defined(DEBUG) && !defined(THREADED_RTS))
                                                       ^
9 warnings generated.
[10 of 12] Compiling Codec.BMP.Pack   ( Codec/BMP/Pack.hs, dist/dist-sandbox-4c142bec/build/Codec/BMP/Pack.p_o )

In file included from /var/folders/d1/1c20kwb529vgk2qx2lqp2w780000gp/T/ghc17767_0/ghc_84.c:2:0: error:
    

In file included from /Library/Frameworks/GHC.framework/Versions/8.0.2-x86_64/usr/lib/ghc-8.0.2/include/Rts.h:217:0: error:
    

/Library/Frameworks/GHC.framework/Versions/8.0.2-x86_64/usr/lib/ghc-8.0.2/include/rts/storage/ClosureMacros.h:505:5: error:
     warning: macro expansion producing 'defined' has undefined behavior [-Wexpansion-to-defined]
#if ZERO_SLOP_FOR_LDV_PROF || ZERO_SLOP_FOR_SANITY_CHECK
    ^

/Library/Frameworks/GHC.framework/Versions/8.0.2-x86_64/usr/lib/ghc-8.0.2/include/rts/storage/ClosureMacros.h:502:37: error:
     note: expanded from macro 'ZERO_SLOP_FOR_LDV_PROF'
#define ZERO_SLOP_FOR_LDV_PROF     (defined(PROFILING))
                                    ^

/Library/Frameworks/GHC.framework/Versions/8.0.2-x86_64/usr/lib/ghc-8.0.2/include/rts/storage/ClosureMacros.h:505:31: error:
     warning: macro expansion producing 'defined' has undefined behavior [-Wexpansion-to-defined]
#if ZERO_SLOP_FOR_LDV_PROF || ZERO_SLOP_FOR_SANITY_CHECK
                              ^

/Library/Frameworks/GHC.framework/Versions/8.0.2-x86_64/usr/lib/ghc-8.0.2/include/rts/storage/ClosureMacros.h:503:37: error:
     note: expanded from macro 'ZERO_SLOP_FOR_SANITY_CHECK'
#define ZERO_SLOP_FOR_SANITY_CHECK (defined(DEBUG) && !defined(THREADED_RTS))
                                    ^

/Library/Frameworks/GHC.framework/Versions/8.0.2-x86_64/usr/lib/ghc-8.0.2/include/rts/storage/ClosureMacros.h:505:31: error:
     warning: macro expansion producing 'defined' has undefined behavior [-Wexpansion-to-defined]

/Library/Frameworks/GHC.framework/Versions/8.0.2-x86_64/usr/lib/ghc-8.0.2/include/rts/storage/ClosureMacros.h:503:56: error:
     note: expanded from macro 'ZERO_SLOP_FOR_SANITY_CHECK'
#define ZERO_SLOP_FOR_SANITY_CHECK (defined(DEBUG) && !defined(THREADED_RTS))
                                                       ^

/Library/Frameworks/GHC.framework/Versions/8.0.2-x86_64/usr/lib/ghc-8.0.2/include/rts/storage/ClosureMacros.h:523:5: error:
     warning: macro expansion producing 'defined' has undefined behavior [-Wexpansion-to-defined]
#if ZERO_SLOP_FOR_LDV_PROF && !ZERO_SLOP_FOR_SANITY_CHECK
    ^

/Library/Frameworks/GHC.framework/Versions/8.0.2-x86_64/usr/lib/ghc-8.0.2/include/rts/storage/ClosureMacros.h:502:37: error:
     note: expanded from macro 'ZERO_SLOP_FOR_LDV_PROF'
#define ZERO_SLOP_FOR_LDV_PROF     (defined(PROFILING))
                                    ^

/Library/Frameworks/GHC.framework/Versions/8.0.2-x86_64/usr/lib/ghc-8.0.2/include/rts/storage/ClosureMacros.h:523:32: error:
     warning: macro expansion producing 'defined' has undefined behavior [-Wexpansion-to-defined]
#if ZERO_SLOP_FOR_LDV_PROF && !ZERO_SLOP_FOR_SANITY_CHECK
                               ^

/Library/Frameworks/GHC.framework/Versions/8.0.2-x86_64/usr/lib/ghc-8.0.2/include/rts/storage/ClosureMacros.h:503:37: error:
     note: expanded from macro 'ZERO_SLOP_FOR_SANITY_CHECK'
#define ZERO_SLOP_FOR_SANITY_CHECK (defined(DEBUG) && !defined(THREADED_RTS))
                                    ^

/Library/Frameworks/GHC.framework/Versions/8.0.2-x86_64/usr/lib/ghc-8.0.2/include/rts/storage/ClosureMacros.h:523:32: error:
     warning: macro expansion producing 'defined' has undefined behavior [-Wexpansion-to-defined]

/Library/Frameworks/GHC.framework/Versions/8.0.2-x86_64/usr/lib/ghc-8.0.2/include/rts/storage/ClosureMacros.h:503:56: error:
     note: expanded from macro 'ZERO_SLOP_FOR_SANITY_CHECK'
#define ZERO_SLOP_FOR_SANITY_CHECK (defined(DEBUG) && !defined(THREADED_RTS))
                                                       ^

/Library/Frameworks/GHC.framework/Versions/8.0.2-x86_64/usr/lib/ghc-8.0.2/include/rts/storage/ClosureMacros.h:552:5: error:
     warning: macro expansion producing 'defined' has undefined behavior [-Wexpansion-to-defined]
#if ZERO_SLOP_FOR_LDV_PROF && !ZERO_SLOP_FOR_SANITY_CHECK
    ^

/Library/Frameworks/GHC.framework/Versions/8.0.2-x86_64/usr/lib/ghc-8.0.2/include/rts/storage/ClosureMacros.h:502:37: error:
     note: expanded from macro 'ZERO_SLOP_FOR_LDV_PROF'
#define ZERO_SLOP_FOR_LDV_PROF     (defined(PROFILING))
                                    ^

/Library/Frameworks/GHC.framework/Versions/8.0.2-x86_64/usr/lib/ghc-8.0.2/include/rts/storage/ClosureMacros.h:552:32: error:
     warning: macro expansion producing 'defined' has undefined behavior [-Wexpansion-to-defined]
#if ZERO_SLOP_FOR_LDV_PROF && !ZERO_SLOP_FOR_SANITY_CHECK
                               ^

/Library/Frameworks/GHC.framework/Versions/8.0.2-x86_64/usr/lib/ghc-8.0.2/include/rts/storage/ClosureMacros.h:503:37: error:
     note: expanded from macro 'ZERO_SLOP_FOR_SANITY_CHECK'
#define ZERO_SLOP_FOR_SANITY_CHECK (defined(DEBUG) && !defined(THREADED_RTS))
                                    ^

/Library/Frameworks/GHC.framework/Versions/8.0.2-x86_64/usr/lib/ghc-8.0.2/include/rts/storage/ClosureMacros.h:552:32: error:
     warning: macro expansion producing 'defined' has undefined behavior [-Wexpansion-to-defined]

/Library/Frameworks/GHC.framework/Versions/8.0.2-x86_64/usr/lib/ghc-8.0.2/include/rts/storage/ClosureMacros.h:503:56: error:
     note: expanded from macro 'ZERO_SLOP_FOR_SANITY_CHECK'
#define ZERO_SLOP_FOR_SANITY_CHECK (defined(DEBUG) && !defined(THREADED_RTS))
                                                       ^
9 warnings generated.
[11 of 12] Compiling Codec.BMP.Unpack ( Codec/BMP/Unpack.hs, dist/dist-sandbox-4c142bec/build/Codec/BMP/Unpack.p_o )

In file included from /var/folders/d1/1c20kwb529vgk2qx2lqp2w780000gp/T/ghc17767_0/ghc_93.c:2:0: error:
    

In file included from /Library/Frameworks/GHC.framework/Versions/8.0.2-x86_64/usr/lib/ghc-8.0.2/include/Rts.h:217:0: error:
    

/Library/Frameworks/GHC.framework/Versions/8.0.2-x86_64/usr/lib/ghc-8.0.2/include/rts/storage/ClosureMacros.h:505:5: error:
     warning: macro expansion producing 'defined' has undefined behavior [-Wexpansion-to-defined]
#if ZERO_SLOP_FOR_LDV_PROF || ZERO_SLOP_FOR_SANITY_CHECK
    ^

/Library/Frameworks/GHC.framework/Versions/8.0.2-x86_64/usr/lib/ghc-8.0.2/include/rts/storage/ClosureMacros.h:502:37: error:
     note: expanded from macro 'ZERO_SLOP_FOR_LDV_PROF'
#define ZERO_SLOP_FOR_LDV_PROF     (defined(PROFILING))
                                    ^

/Library/Frameworks/GHC.framework/Versions/8.0.2-x86_64/usr/lib/ghc-8.0.2/include/rts/storage/ClosureMacros.h:505:31: error:
     warning: macro expansion producing 'defined' has undefined behavior [-Wexpansion-to-defined]
#if ZERO_SLOP_FOR_LDV_PROF || ZERO_SLOP_FOR_SANITY_CHECK
                              ^

/Library/Frameworks/GHC.framework/Versions/8.0.2-x86_64/usr/lib/ghc-8.0.2/include/rts/storage/ClosureMacros.h:503:37: error:
     note: expanded from macro 'ZERO_SLOP_FOR_SANITY_CHECK'
#define ZERO_SLOP_FOR_SANITY_CHECK (defined(DEBUG) && !defined(THREADED_RTS))
                                    ^

/Library/Frameworks/GHC.framework/Versions/8.0.2-x86_64/usr/lib/ghc-8.0.2/include/rts/storage/ClosureMacros.h:505:31: error:
     warning: macro expansion producing 'defined' has undefined behavior [-Wexpansion-to-defined]

/Library/Frameworks/GHC.framework/Versions/8.0.2-x86_64/usr/lib/ghc-8.0.2/include/rts/storage/ClosureMacros.h:503:56: error:
     note: expanded from macro 'ZERO_SLOP_FOR_SANITY_CHECK'
#define ZERO_SLOP_FOR_SANITY_CHECK (defined(DEBUG) && !defined(THREADED_RTS))
                                                       ^

/Library/Frameworks/GHC.framework/Versions/8.0.2-x86_64/usr/lib/ghc-8.0.2/include/rts/storage/ClosureMacros.h:523:5: error:
     warning: macro expansion producing 'defined' has undefined behavior [-Wexpansion-to-defined]
#if ZERO_SLOP_FOR_LDV_PROF && !ZERO_SLOP_FOR_SANITY_CHECK
    ^

/Library/Frameworks/GHC.framework/Versions/8.0.2-x86_64/usr/lib/ghc-8.0.2/include/rts/storage/ClosureMacros.h:502:37: error:
     note: expanded from macro 'ZERO_SLOP_FOR_LDV_PROF'
#define ZERO_SLOP_FOR_LDV_PROF     (defined(PROFILING))
                                    ^

/Library/Frameworks/GHC.framework/Versions/8.0.2-x86_64/usr/lib/ghc-8.0.2/include/rts/storage/ClosureMacros.h:523:32: error:
     warning: macro expansion producing 'defined' has undefined behavior [-Wexpansion-to-defined]
#if ZERO_SLOP_FOR_LDV_PROF && !ZERO_SLOP_FOR_SANITY_CHECK
                               ^

/Library/Frameworks/GHC.framework/Versions/8.0.2-x86_64/usr/lib/ghc-8.0.2/include/rts/storage/ClosureMacros.h:503:37: error:
     note: expanded from macro 'ZERO_SLOP_FOR_SANITY_CHECK'
#define ZERO_SLOP_FOR_SANITY_CHECK (defined(DEBUG) && !defined(THREADED_RTS))
                                    ^

/Library/Frameworks/GHC.framework/Versions/8.0.2-x86_64/usr/lib/ghc-8.0.2/include/rts/storage/ClosureMacros.h:523:32: error:
     warning: macro expansion producing 'defined' has undefined behavior [-Wexpansion-to-defined]

/Library/Frameworks/GHC.framework/Versions/8.0.2-x86_64/usr/lib/ghc-8.0.2/include/rts/storage/ClosureMacros.h:503:56: error:
     note: expanded from macro 'ZERO_SLOP_FOR_SANITY_CHECK'
#define ZERO_SLOP_FOR_SANITY_CHECK (defined(DEBUG) && !defined(THREADED_RTS))
                                                       ^

/Library/Frameworks/GHC.framework/Versions/8.0.2-x86_64/usr/lib/ghc-8.0.2/include/rts/storage/ClosureMacros.h:552:5: error:
     warning: macro expansion producing 'defined' has undefined behavior [-Wexpansion-to-defined]
#if ZERO_SLOP_FOR_LDV_PROF && !ZERO_SLOP_FOR_SANITY_CHECK
    ^

/Library/Frameworks/GHC.framework/Versions/8.0.2-x86_64/usr/lib/ghc-8.0.2/include/rts/storage/ClosureMacros.h:502:37: error:
     note: expanded from macro 'ZERO_SLOP_FOR_LDV_PROF'
#define ZERO_SLOP_FOR_LDV_PROF     (defined(PROFILING))
                                    ^

/Library/Frameworks/GHC.framework/Versions/8.0.2-x86_64/usr/lib/ghc-8.0.2/include/rts/storage/ClosureMacros.h:552:32: error:
     warning: macro expansion producing 'defined' has undefined behavior [-Wexpansion-to-defined]
#if ZERO_SLOP_FOR_LDV_PROF && !ZERO_SLOP_FOR_SANITY_CHECK
                               ^

/Library/Frameworks/GHC.framework/Versions/8.0.2-x86_64/usr/lib/ghc-8.0.2/include/rts/storage/ClosureMacros.h:503:37: error:
     note: expanded from macro 'ZERO_SLOP_FOR_SANITY_CHECK'
#define ZERO_SLOP_FOR_SANITY_CHECK (defined(DEBUG) && !defined(THREADED_RTS))
                                    ^

/Library/Frameworks/GHC.framework/Versions/8.0.2-x86_64/usr/lib/ghc-8.0.2/include/rts/storage/ClosureMacros.h:552:32: error:
     warning: macro expansion producing 'defined' has undefined behavior [-Wexpansion-to-defined]

/Library/Frameworks/GHC.framework/Versions/8.0.2-x86_64/usr/lib/ghc-8.0.2/include/rts/storage/ClosureMacros.h:503:56: error:
     note: expanded from macro 'ZERO_SLOP_FOR_SANITY_CHECK'
#define ZERO_SLOP_FOR_SANITY_CHECK (defined(DEBUG) && !defined(THREADED_RTS))
                                                       ^
9 warnings generated.
[12 of 12] Compiling Codec.BMP        ( Codec/BMP.hs, dist/dist-sandbox-4c142bec/build/Codec/BMP.p_o )

In file included from /var/folders/d1/1c20kwb529vgk2qx2lqp2w780000gp/T/ghc17767_0/ghc_102.c:2:0: error:
    

In file included from /Library/Frameworks/GHC.framework/Versions/8.0.2-x86_64/usr/lib/ghc-8.0.2/include/Rts.h:217:0: error:
    

/Library/Frameworks/GHC.framework/Versions/8.0.2-x86_64/usr/lib/ghc-8.0.2/include/rts/storage/ClosureMacros.h:505:5: error:
     warning: macro expansion producing 'defined' has undefined behavior [-Wexpansion-to-defined]
#if ZERO_SLOP_FOR_LDV_PROF || ZERO_SLOP_FOR_SANITY_CHECK
    ^

/Library/Frameworks/GHC.framework/Versions/8.0.2-x86_64/usr/lib/ghc-8.0.2/include/rts/storage/ClosureMacros.h:502:37: error:
     note: expanded from macro 'ZERO_SLOP_FOR_LDV_PROF'
#define ZERO_SLOP_FOR_LDV_PROF     (defined(PROFILING))
                                    ^

/Library/Frameworks/GHC.framework/Versions/8.0.2-x86_64/usr/lib/ghc-8.0.2/include/rts/storage/ClosureMacros.h:505:31: error:
     warning: macro expansion producing 'defined' has undefined behavior [-Wexpansion-to-defined]
#if ZERO_SLOP_FOR_LDV_PROF || ZERO_SLOP_FOR_SANITY_CHECK
                              ^

/Library/Frameworks/GHC.framework/Versions/8.0.2-x86_64/usr/lib/ghc-8.0.2/include/rts/storage/ClosureMacros.h:503:37: error:
     note: expanded from macro 'ZERO_SLOP_FOR_SANITY_CHECK'
#define ZERO_SLOP_FOR_SANITY_CHECK (defined(DEBUG) && !defined(THREADED_RTS))
                                    ^

/Library/Frameworks/GHC.framework/Versions/8.0.2-x86_64/usr/lib/ghc-8.0.2/include/rts/storage/ClosureMacros.h:505:31: error:
     warning: macro expansion producing 'defined' has undefined behavior [-Wexpansion-to-defined]

/Library/Frameworks/GHC.framework/Versions/8.0.2-x86_64/usr/lib/ghc-8.0.2/include/rts/storage/ClosureMacros.h:503:56: error:
     note: expanded from macro 'ZERO_SLOP_FOR_SANITY_CHECK'
#define ZERO_SLOP_FOR_SANITY_CHECK (defined(DEBUG) && !defined(THREADED_RTS))
                                                       ^

/Library/Frameworks/GHC.framework/Versions/8.0.2-x86_64/usr/lib/ghc-8.0.2/include/rts/storage/ClosureMacros.h:523:5: error:
     warning: macro expansion producing 'defined' has undefined behavior [-Wexpansion-to-defined]
#if ZERO_SLOP_FOR_LDV_PROF && !ZERO_SLOP_FOR_SANITY_CHECK
    ^

/Library/Frameworks/GHC.framework/Versions/8.0.2-x86_64/usr/lib/ghc-8.0.2/include/rts/storage/ClosureMacros.h:502:37: error:
     note: expanded from macro 'ZERO_SLOP_FOR_LDV_PROF'
#define ZERO_SLOP_FOR_LDV_PROF     (defined(PROFILING))
                                    ^

/Library/Frameworks/GHC.framework/Versions/8.0.2-x86_64/usr/lib/ghc-8.0.2/include/rts/storage/ClosureMacros.h:523:32: error:
     warning: macro expansion producing 'defined' has undefined behavior [-Wexpansion-to-defined]
#if ZERO_SLOP_FOR_LDV_PROF && !ZERO_SLOP_FOR_SANITY_CHECK
                               ^

/Library/Frameworks/GHC.framework/Versions/8.0.2-x86_64/usr/lib/ghc-8.0.2/include/rts/storage/ClosureMacros.h:503:37: error:
     note: expanded from macro 'ZERO_SLOP_FOR_SANITY_CHECK'
#define ZERO_SLOP_FOR_SANITY_CHECK (defined(DEBUG) && !defined(THREADED_RTS))
                                    ^

/Library/Frameworks/GHC.framework/Versions/8.0.2-x86_64/usr/lib/ghc-8.0.2/include/rts/storage/ClosureMacros.h:523:32: error:
     warning: macro expansion producing 'defined' has undefined behavior [-Wexpansion-to-defined]

/Library/Frameworks/GHC.framework/Versions/8.0.2-x86_64/usr/lib/ghc-8.0.2/include/rts/storage/ClosureMacros.h:503:56: error:
     note: expanded from macro 'ZERO_SLOP_FOR_SANITY_CHECK'
#define ZERO_SLOP_FOR_SANITY_CHECK (defined(DEBUG) && !defined(THREADED_RTS))
                                                       ^

/Library/Frameworks/GHC.framework/Versions/8.0.2-x86_64/usr/lib/ghc-8.0.2/include/rts/storage/ClosureMacros.h:552:5: error:
     warning: macro expansion producing 'defined' has undefined behavior [-Wexpansion-to-defined]
#if ZERO_SLOP_FOR_LDV_PROF && !ZERO_SLOP_FOR_SANITY_CHECK
    ^

/Library/Frameworks/GHC.framework/Versions/8.0.2-x86_64/usr/lib/ghc-8.0.2/include/rts/storage/ClosureMacros.h:502:37: error:
     note: expanded from macro 'ZERO_SLOP_FOR_LDV_PROF'
#define ZERO_SLOP_FOR_LDV_PROF     (defined(PROFILING))
                                    ^

/Library/Frameworks/GHC.framework/Versions/8.0.2-x86_64/usr/lib/ghc-8.0.2/include/rts/storage/ClosureMacros.h:552:32: error:
     warning: macro expansion producing 'defined' has undefined behavior [-Wexpansion-to-defined]
#if ZERO_SLOP_FOR_LDV_PROF && !ZERO_SLOP_FOR_SANITY_CHECK
                               ^

/Library/Frameworks/GHC.framework/Versions/8.0.2-x86_64/usr/lib/ghc-8.0.2/include/rts/storage/ClosureMacros.h:503:37: error:
     note: expanded from macro 'ZERO_SLOP_FOR_SANITY_CHECK'
#define ZERO_SLOP_FOR_SANITY_CHECK (defined(DEBUG) && !defined(THREADED_RTS))
                                    ^

/Library/Frameworks/GHC.framework/Versions/8.0.2-x86_64/usr/lib/ghc-8.0.2/include/rts/storage/ClosureMacros.h:552:32: error:
     warning: macro expansion producing 'defined' has undefined behavior [-Wexpansion-to-defined]

/Library/Frameworks/GHC.framework/Versions/8.0.2-x86_64/usr/lib/ghc-8.0.2/include/rts/storage/ClosureMacros.h:503:56: error:
     note: expanded from macro 'ZERO_SLOP_FOR_SANITY_CHECK'
#define ZERO_SLOP_FOR_SANITY_CHECK (defined(DEBUG) && !defined(THREADED_RTS))
                                                       ^
9 warnings generated.
Running Haddock for bmp-1.2.6.3...
Preprocessing library bmp-1.2.6.3...
Haddock coverage:
  50% (  1 /  2) in 'Codec.BMP.Compression'
  Missing documentation for:
    Module header
  50% (  1 /  2) in 'Codec.BMP.Error'
  Missing documentation for:
    Module header
  50% (  1 /  2) in 'Codec.BMP.CIEXYZ'
  Missing documentation for:
    Module header
  83% (  5 /  6) in 'Codec.BMP.BitmapInfoV3'
  Missing documentation for:
    Module header
  83% (  5 /  6) in 'Codec.BMP.BitmapInfoV4'
  Missing documentation for:
    Module header
  80% (  4 /  5) in 'Codec.BMP.BitmapInfoV5'
  Missing documentation for:
    Module header
  80% (  4 /  5) in 'Codec.BMP.FileHeader'
  Missing documentation for:
    Module header
  67% (  2 /  3) in 'Codec.BMP.BitmapInfo'
  Missing documentation for:
    Module header
  50% (  1 /  2) in 'Codec.BMP.Base'
  Missing documentation for:
    Module header
  75% (  3 /  4) in 'Codec.BMP.Pack'
  Missing documentation for:
    Module header
  50% (  1 /  2) in 'Codec.BMP.Unpack'
  Missing documentation for:
    Module header
 100% ( 25 / 25) in 'Codec.BMP'
Documentation created: dist/dist-sandbox-4c142bec/doc/html/bmp/index.html
Creating package registration file:
/var/folders/d1/1c20kwb529vgk2qx2lqp2w780000gp/T/pkgConf-bmp-1.2.68933518161505795335.3
Installing library in
/Users/Erik/Desktop/gloss/.cabal-sandbox/lib/x86_64-osx-ghc-8.0.2/bmp-1.2.6.3-43OLkH0uuwm831pBFpx2PZ
Registering bmp-1.2.6.3...
cabal: Leaving directory '/var/folders/d1/1c20kwb529vgk2qx2lqp2w780000gp/T/cabal-tmp-17263/bmp-1.2.6.3'
